Please set email account credentials as environment variables for email to work.
 * Serving Flask app "server" (lazy loading)
 * Environment: production
   WARNING: This is a development server. Do not use it in a production deployment.
   Use a production WSGI server instead.
 * Debug mode: off
 * Running on http://127.0.0.1:6080/ (Press CTRL+C to quit)
127.0.0.1 - - [23/Apr/2021 22:39:42] "[37mDELETE /clear/v1 HTTP/1.1[0m" 200 -
127.0.0.1 - - [23/Apr/2021 22:39:42] "[31m[1mPOST /auth/register/v2 HTTP/1.1[0m" 400 -
127.0.0.1 - - [23/Apr/2021 22:39:42] "[37mDELETE /clear/v1 HTTP/1.1[0m" 200 -
127.0.0.1 - - [23/Apr/2021 22:39:42] "[31m[1mPOST /auth/register/v2 HTTP/1.1[0m" 400 -
127.0.0.1 - - [23/Apr/2021 22:39:42] "[31m[1mPOST /auth/register/v2 HTTP/1.1[0m" 400 -
127.0.0.1 - - [23/Apr/2021 22:39:42] "[37mDELETE /clear/v1 HTTP/1.1[0m" 200 -
127.0.0.1 - - [23/Apr/2021 22:39:42] "[31m[1mPOST /auth/register/v2 HTTP/1.1[0m" 400 -
127.0.0.1 - - [23/Apr/2021 22:39:42] "[37mDELETE /clear/v1 HTTP/1.1[0m" 200 -
127.0.0.1 - - [23/Apr/2021 22:39:42] "[31m[1mPOST /auth/register/v2 HTTP/1.1[0m" 400 -
127.0.0.1 - - [23/Apr/2021 22:39:42] "[37mDELETE /clear/v1 HTTP/1.1[0m" 200 -
127.0.0.1 - - [23/Apr/2021 22:39:42] "[31m[1mPOST /auth/register/v2 HTTP/1.1[0m" 400 -
127.0.0.1 - - [23/Apr/2021 22:39:42] "[37mDELETE /clear/v1 HTTP/1.1[0m" 200 -
127.0.0.1 - - [23/Apr/2021 22:39:42] "[31m[1mPOST /auth/login/v2 HTTP/1.1[0m" 400 -
127.0.0.1 - - [23/Apr/2021 22:39:42] "[37mDELETE /clear/v1 HTTP/1.1[0m" 200 -
127.0.0.1 - - [23/Apr/2021 22:39:42] "[37mPOST /auth/register/v2 HTTP/1.1[0m" 200 -
127.0.0.1 - - [23/Apr/2021 22:39:42] "[31m[1mPOST /auth/login/v2 HTTP/1.1[0m" 400 -
127.0.0.1 - - [23/Apr/2021 22:39:42] "[37mDELETE /clear/v1 HTTP/1.1[0m" 200 -
127.0.0.1 - - [23/Apr/2021 22:39:42] "[37mPOST /auth/register/v2 HTTP/1.1[0m" 200 -
127.0.0.1 - - [23/Apr/2021 22:39:42] "[31m[1mPOST /auth/login/v2 HTTP/1.1[0m" 400 -
127.0.0.1 - - [23/Apr/2021 22:39:42] "[37mDELETE /clear/v1 HTTP/1.1[0m" 200 -
127.0.0.1 - - [23/Apr/2021 22:39:42] "[37mPOST /auth/register/v2 HTTP/1.1[0m" 200 -
127.0.0.1 - - [23/Apr/2021 22:39:42] "[31m[1mPOST /auth/logout/v1 HTTP/1.1[0m" 403 -
127.0.0.1 - - [23/Apr/2021 22:39:42] "[37mDELETE /clear/v1 HTTP/1.1[0m" 200 -
127.0.0.1 - - [23/Apr/2021 22:39:42] "[37mPOST /auth/register/v2 HTTP/1.1[0m" 200 -
127.0.0.1 - - [23/Apr/2021 22:39:42] "[37mPOST /auth/login/v2 HTTP/1.1[0m" 200 -
127.0.0.1 - - [23/Apr/2021 22:39:42] "[37mDELETE /clear/v1 HTTP/1.1[0m" 200 -
127.0.0.1 - - [23/Apr/2021 22:39:42] "[31m[1mPOST /auth/register/v2 HTTP/1.1[0m" 400 -
127.0.0.1 - - [23/Apr/2021 22:39:42] "[37mDELETE /clear/v1 HTTP/1.1[0m" 200 -
127.0.0.1 - - [23/Apr/2021 22:39:42] "[31m[1mPOST /auth/register/v2 HTTP/1.1[0m" 400 -
127.0.0.1 - - [23/Apr/2021 22:39:42] "[31m[1mPOST /auth/register/v2 HTTP/1.1[0m" 400 -
127.0.0.1 - - [23/Apr/2021 22:39:42] "[37mDELETE /clear/v1 HTTP/1.1[0m" 200 -
127.0.0.1 - - [23/Apr/2021 22:39:42] "[31m[1mPOST /auth/register/v2 HTTP/1.1[0m" 400 -
127.0.0.1 - - [23/Apr/2021 22:39:42] "[37mDELETE /clear/v1 HTTP/1.1[0m" 200 -
127.0.0.1 - - [23/Apr/2021 22:39:42] "[31m[1mPOST /auth/register/v2 HTTP/1.1[0m" 400 -
127.0.0.1 - - [23/Apr/2021 22:39:42] "[37mDELETE /clear/v1 HTTP/1.1[0m" 200 -
127.0.0.1 - - [23/Apr/2021 22:39:42] "[31m[1mPOST /auth/register/v2 HTTP/1.1[0m" 400 -
127.0.0.1 - - [23/Apr/2021 22:39:42] "[37mDELETE /clear/v1 HTTP/1.1[0m" 200 -
127.0.0.1 - - [23/Apr/2021 22:39:42] "[31m[1mPOST /auth/login/v2 HTTP/1.1[0m" 400 -
127.0.0.1 - - [23/Apr/2021 22:39:42] "[37mDELETE /clear/v1 HTTP/1.1[0m" 200 -
127.0.0.1 - - [23/Apr/2021 22:39:42] "[37mPOST /auth/register/v2 HTTP/1.1[0m" 200 -
127.0.0.1 - - [23/Apr/2021 22:39:42] "[31m[1mPOST /auth/login/v2 HTTP/1.1[0m" 400 -
127.0.0.1 - - [23/Apr/2021 22:39:42] "[37mDELETE /clear/v1 HTTP/1.1[0m" 200 -
127.0.0.1 - - [23/Apr/2021 22:39:42] "[37mPOST /auth/register/v2 HTTP/1.1[0m" 200 -
127.0.0.1 - - [23/Apr/2021 22:39:42] "[31m[1mPOST /auth/login/v2 HTTP/1.1[0m" 400 -
127.0.0.1 - - [23/Apr/2021 22:39:42] "[37mDELETE /clear/v1 HTTP/1.1[0m" 200 -
127.0.0.1 - - [23/Apr/2021 22:39:42] "[37mPOST /auth/register/v2 HTTP/1.1[0m" 200 -
127.0.0.1 - - [23/Apr/2021 22:39:42] "[31m[1mPOST /auth/logout/v1 HTTP/1.1[0m" 403 -
127.0.0.1 - - [23/Apr/2021 22:39:42] "[37mDELETE /clear/v1 HTTP/1.1[0m" 200 -
127.0.0.1 - - [23/Apr/2021 22:39:42] "[37mPOST /auth/register/v2 HTTP/1.1[0m" 200 -
127.0.0.1 - - [23/Apr/2021 22:39:42] "[37mPOST /auth/login/v2 HTTP/1.1[0m" 200 -
127.0.0.1 - - [23/Apr/2021 22:39:42] "[37mDELETE /clear/v1 HTTP/1.1[0m" 200 -
127.0.0.1 - - [23/Apr/2021 22:39:42] "[37mPOST /auth/register/v2 HTTP/1.1[0m" 200 -
127.0.0.1 - - [23/Apr/2021 22:39:42] "[37mPOST /auth/register/v2 HTTP/1.1[0m" 200 -
127.0.0.1 - - [23/Apr/2021 22:39:42] "[37mPOST /auth/login/v2 HTTP/1.1[0m" 200 -
127.0.0.1 - - [23/Apr/2021 22:39:42] "[37mPOST /auth/login/v2 HTTP/1.1[0m" 200 -
127.0.0.1 - - [23/Apr/2021 22:39:42] "[37mPOST /channels/create/v2 HTTP/1.1[0m" 200 -
127.0.0.1 - - [23/Apr/2021 22:39:42] "[31m[1mPOST /channel/invite/v2 HTTP/1.1[0m" 400 -
127.0.0.1 - - [23/Apr/2021 22:39:42] "[37mDELETE /clear/v1 HTTP/1.1[0m" 200 -
127.0.0.1 - - [23/Apr/2021 22:39:42] "[37mPOST /auth/register/v2 HTTP/1.1[0m" 200 -
127.0.0.1 - - [23/Apr/2021 22:39:42] "[37mPOST /auth/register/v2 HTTP/1.1[0m" 200 -
127.0.0.1 - - [23/Apr/2021 22:39:42] "[37mPOST /auth/login/v2 HTTP/1.1[0m" 200 -
127.0.0.1 - - [23/Apr/2021 22:39:43] "[37mPOST /auth/login/v2 HTTP/1.1[0m" 200 -
127.0.0.1 - - [23/Apr/2021 22:39:43] "[37mPOST /channels/create/v2 HTTP/1.1[0m" 200 -
127.0.0.1 - - [23/Apr/2021 22:39:43] "[31m[1mPOST /channel/invite/v2 HTTP/1.1[0m" 400 -
127.0.0.1 - - [23/Apr/2021 22:39:43] "[37mDELETE /clear/v1 HTTP/1.1[0m" 200 -
127.0.0.1 - - [23/Apr/2021 22:39:43] "[37mPOST /auth/register/v2 HTTP/1.1[0m" 200 -
127.0.0.1 - - [23/Apr/2021 22:39:43] "[37mPOST /auth/register/v2 HTTP/1.1[0m" 200 -
127.0.0.1 - - [23/Apr/2021 22:39:43] "[37mPOST /auth/register/v2 HTTP/1.1[0m" 200 -
127.0.0.1 - - [23/Apr/2021 22:39:43] "[37mPOST /auth/login/v2 HTTP/1.1[0m" 200 -
127.0.0.1 - - [23/Apr/2021 22:39:43] "[37mPOST /auth/login/v2 HTTP/1.1[0m" 200 -
127.0.0.1 - - [23/Apr/2021 22:39:43] "[37mPOST /auth/login/v2 HTTP/1.1[0m" 200 -
127.0.0.1 - - [23/Apr/2021 22:39:43] "[37mPOST /channels/create/v2 HTTP/1.1[0m" 200 -
127.0.0.1 - - [23/Apr/2021 22:39:43] "[31m[1mPOST /channel/invite/v2 HTTP/1.1[0m" 403 -
127.0.0.1 - - [23/Apr/2021 22:39:43] "[37mDELETE /clear/v1 HTTP/1.1[0m" 200 -
127.0.0.1 - - [23/Apr/2021 22:39:43] "[37mPOST /auth/register/v2 HTTP/1.1[0m" 200 -
127.0.0.1 - - [23/Apr/2021 22:39:43] "[37mPOST /auth/register/v2 HTTP/1.1[0m" 200 -
127.0.0.1 - - [23/Apr/2021 22:39:43] "[37mPOST /auth/login/v2 HTTP/1.1[0m" 200 -
127.0.0.1 - - [23/Apr/2021 22:39:43] "[37mPOST /auth/login/v2 HTTP/1.1[0m" 200 -
127.0.0.1 - - [23/Apr/2021 22:39:43] "[37mPOST /channels/create/v2 HTTP/1.1[0m" 200 -
127.0.0.1 - - [23/Apr/2021 22:39:43] "[31m[1mPOST /channel/invite/v2 HTTP/1.1[0m" 403 -
127.0.0.1 - - [23/Apr/2021 22:39:43] "[37mDELETE /clear/v1 HTTP/1.1[0m" 200 -
127.0.0.1 - - [23/Apr/2021 22:39:43] "[37mPOST /auth/register/v2 HTTP/1.1[0m" 200 -
127.0.0.1 - - [23/Apr/2021 22:39:43] "[37mPOST /auth/login/v2 HTTP/1.1[0m" 200 -
127.0.0.1 - - [23/Apr/2021 22:39:43] "[37mPOST /channels/create/v2 HTTP/1.1[0m" 200 -
127.0.0.1 - - [23/Apr/2021 22:39:43] "[31m[1mGET /channel/details/v2?token=eyJ0eXAiOiJKV1QiLCJhbGciOiJIUzI1NiJ9.eyJnaWQiOjMzLCJsb2dpbl90aW1lIjoxNjE5MTgxNTgzLCJzYWx0IjoiMzU1ZTE1MTMtOWVlMC00ZWEzLWEyMTQtNTZlOGQ2ZTc1YTQ2In0.AkgSCX9aj-OQsDS6sjRHhkqdOqeV3W_NzwSHjmGLol0&channel_id=34123 HTTP/1.1[0m" 400 -
127.0.0.1 - - [23/Apr/2021 22:39:43] "[37mDELETE /clear/v1 HTTP/1.1[0m" 200 -
127.0.0.1 - - [23/Apr/2021 22:39:43] "[37mPOST /auth/register/v2 HTTP/1.1[0m" 200 -
127.0.0.1 - - [23/Apr/2021 22:39:43] "[37mPOST /auth/register/v2 HTTP/1.1[0m" 200 -
127.0.0.1 - - [23/Apr/2021 22:39:43] "[37mPOST /auth/login/v2 HTTP/1.1[0m" 200 -
127.0.0.1 - - [23/Apr/2021 22:39:43] "[37mPOST /auth/login/v2 HTTP/1.1[0m" 200 -
127.0.0.1 - - [23/Apr/2021 22:39:43] "[37mPOST /channels/create/v2 HTTP/1.1[0m" 200 -
127.0.0.1 - - [23/Apr/2021 22:39:43] "[31m[1mGET /channel/details/v2?token=eyJ0eXAiOiJKV1QiLCJhbGciOiJIUzI1NiJ9.eyJnaWQiOjM2LCJsb2dpbl90aW1lIjoxNjE5MTgxNTgzLCJzYWx0IjoiMWI2Mzg5N2UtYTIwZC00Y2MxLTgzOGItZWJiZDM5YzA0MDEyIn0.mmwu96oMnriQt7bOSopYJrRlDNK6oaeCsNrl2gk_8KY&channel_id=37 HTTP/1.1[0m" 403 -
127.0.0.1 - - [23/Apr/2021 22:39:43] "[37mDELETE /clear/v1 HTTP/1.1[0m" 200 -
127.0.0.1 - - [23/Apr/2021 22:39:43] "[37mPOST /auth/register/v2 HTTP/1.1[0m" 200 -
127.0.0.1 - - [23/Apr/2021 22:39:43] "[37mPOST /auth/login/v2 HTTP/1.1[0m" 200 -
127.0.0.1 - - [23/Apr/2021 22:39:43] "[37mPOST /channels/create/v2 HTTP/1.1[0m" 200 -
127.0.0.1 - - [23/Apr/2021 22:39:43] "[31m[1mGET /channel/details/v2?token=eyJ0eXAiOiJKV1QiLCJhbGciOiJIUzI1NiJ9.eyJnaWQiOjM4LCJsb2dpbl90aW1lIjoxNjE5MTgxNTgzLCJzYWx0IjoiYjhkODgwZWUtMzUxYi00Yjg5LThlYTMtODQ0NDYwMjFmNzliIn0.kHIfGzzje6pT05-3XkiJtRIDpbUCF_mz2HT2BTpSNJQ123&channel_id=39 HTTP/1.1[0m" 403 -
127.0.0.1 - - [23/Apr/2021 22:39:43] "[37mDELETE /clear/v1 HTTP/1.1[0m" 200 -
127.0.0.1 - - [23/Apr/2021 22:39:43] "[37mPOST /auth/register/v2 HTTP/1.1[0m" 200 -
127.0.0.1 - - [23/Apr/2021 22:39:43] "[37mPOST /auth/register/v2 HTTP/1.1[0m" 200 -
127.0.0.1 - - [23/Apr/2021 22:39:43] "[37mPOST /auth/login/v2 HTTP/1.1[0m" 200 -
127.0.0.1 - - [23/Apr/2021 22:39:43] "[37mPOST /auth/login/v2 HTTP/1.1[0m" 200 -
127.0.0.1 - - [23/Apr/2021 22:39:43] "[37mPOST /channels/create/v2 HTTP/1.1[0m" 200 -
127.0.0.1 - - [23/Apr/2021 22:39:43] "[31m[1mPOST /channel/join/v2 HTTP/1.1[0m" 400 -
127.0.0.1 - - [23/Apr/2021 22:39:43] "[37mDELETE /clear/v1 HTTP/1.1[0m" 200 -
127.0.0.1 - - [23/Apr/2021 22:39:43] "[37mPOST /auth/register/v2 HTTP/1.1[0m" 200 -
127.0.0.1 - - [23/Apr/2021 22:39:43] "[37mPOST /auth/register/v2 HTTP/1.1[0m" 200 -
127.0.0.1 - - [23/Apr/2021 22:39:43] "[37mPOST /auth/login/v2 HTTP/1.1[0m" 200 -
127.0.0.1 - - [23/Apr/2021 22:39:43] "[37mPOST /auth/login/v2 HTTP/1.1[0m" 200 -
127.0.0.1 - - [23/Apr/2021 22:39:43] "[37mPOST /channels/create/v2 HTTP/1.1[0m" 200 -
127.0.0.1 - - [23/Apr/2021 22:39:43] "[31m[1mPOST /channel/join/v2 HTTP/1.1[0m" 403 -
127.0.0.1 - - [23/Apr/2021 22:39:43] "[37mDELETE /clear/v1 HTTP/1.1[0m" 200 -
127.0.0.1 - - [23/Apr/2021 22:39:43] "[37mPOST /auth/register/v2 HTTP/1.1[0m" 200 -
127.0.0.1 - - [23/Apr/2021 22:39:43] "[37mPOST /auth/register/v2 HTTP/1.1[0m" 200 -
127.0.0.1 - - [23/Apr/2021 22:39:43] "[37mPOST /auth/login/v2 HTTP/1.1[0m" 200 -
127.0.0.1 - - [23/Apr/2021 22:39:43] "[37mPOST /auth/login/v2 HTTP/1.1[0m" 200 -
127.0.0.1 - - [23/Apr/2021 22:39:43] "[37mPOST /channels/create/v2 HTTP/1.1[0m" 200 -
127.0.0.1 - - [23/Apr/2021 22:39:43] "[31m[1mPOST /channel/join/v2 HTTP/1.1[0m" 403 -
127.0.0.1 - - [23/Apr/2021 22:39:43] "[37mDELETE /clear/v1 HTTP/1.1[0m" 200 -
127.0.0.1 - - [23/Apr/2021 22:39:43] "[37mPOST /auth/register/v2 HTTP/1.1[0m" 200 -
127.0.0.1 - - [23/Apr/2021 22:39:43] "[37mPOST /auth/register/v2 HTTP/1.1[0m" 200 -
127.0.0.1 - - [23/Apr/2021 22:39:43] "[37mPOST /auth/login/v2 HTTP/1.1[0m" 200 -
127.0.0.1 - - [23/Apr/2021 22:39:43] "[37mPOST /auth/login/v2 HTTP/1.1[0m" 200 -
127.0.0.1 - - [23/Apr/2021 22:39:43] "[37mPOST /channels/create/v2 HTTP/1.1[0m" 200 -
127.0.0.1 - - [23/Apr/2021 22:39:43] "[37mPOST /channel/join/v2 HTTP/1.1[0m" 200 -
127.0.0.1 - - [23/Apr/2021 22:39:43] "[37mGET /channel/details/v2?token=eyJ0eXAiOiJKV1QiLCJhbGciOiJIUzI1NiJ9.eyJnaWQiOjUwLCJsb2dpbl90aW1lIjoxNjE5MTgxNTgzLCJzYWx0IjoiYmJlMTVkYzgtYThiYS00YzU1LTkzOWUtOTc1ZTVjNTk0ZDc2In0.SD9f_BcSHVmoWdGEp3pkzrDLFmO-5icU5B15p8XAmos&channel_id=51 HTTP/1.1[0m" 200 -
127.0.0.1 - - [23/Apr/2021 22:39:43] "[37mDELETE /clear/v1 HTTP/1.1[0m" 200 -
127.0.0.1 - - [23/Apr/2021 22:39:43] "[37mPOST /auth/register/v2 HTTP/1.1[0m" 200 -
127.0.0.1 - - [23/Apr/2021 22:39:43] "[37mPOST /auth/register/v2 HTTP/1.1[0m" 200 -
127.0.0.1 - - [23/Apr/2021 22:39:43] "[37mPOST /auth/login/v2 HTTP/1.1[0m" 200 -
127.0.0.1 - - [23/Apr/2021 22:39:43] "[37mPOST /auth/login/v2 HTTP/1.1[0m" 200 -
127.0.0.1 - - [23/Apr/2021 22:39:43] "[37mPOST /channels/create/v2 HTTP/1.1[0m" 200 -
127.0.0.1 - - [23/Apr/2021 22:39:43] "[33mPOST /channels/join/v2 HTTP/1.1[0m" 404 -
127.0.0.1 - - [23/Apr/2021 22:39:43] "[31m[1mPOST /channel/addowner/v1 HTTP/1.1[0m" 400 -
127.0.0.1 - - [23/Apr/2021 22:39:43] "[37mDELETE /clear/v1 HTTP/1.1[0m" 200 -
127.0.0.1 - - [23/Apr/2021 22:39:43] "[37mPOST /auth/register/v2 HTTP/1.1[0m" 200 -
127.0.0.1 - - [23/Apr/2021 22:39:43] "[37mPOST /auth/register/v2 HTTP/1.1[0m" 200 -
127.0.0.1 - - [23/Apr/2021 22:39:43] "[37mPOST /auth/login/v2 HTTP/1.1[0m" 200 -
127.0.0.1 - - [23/Apr/2021 22:39:43] "[37mPOST /auth/login/v2 HTTP/1.1[0m" 200 -
127.0.0.1 - - [23/Apr/2021 22:39:43] "[37mPOST /channels/create/v2 HTTP/1.1[0m" 200 -
127.0.0.1 - - [23/Apr/2021 22:39:43] "[33mPOST /channels/join/v2 HTTP/1.1[0m" 404 -
127.0.0.1 - - [23/Apr/2021 22:39:43] "[33mPOST /channel/addowner/v2 HTTP/1.1[0m" 404 -
127.0.0.1 - - [23/Apr/2021 22:39:43] "[37mPOST /channel/addowner/v1 HTTP/1.1[0m" 200 -
127.0.0.1 - - [23/Apr/2021 22:39:43] "[37mDELETE /clear/v1 HTTP/1.1[0m" 200 -
127.0.0.1 - - [23/Apr/2021 22:39:43] "[37mPOST /auth/register/v2 HTTP/1.1[0m" 200 -
127.0.0.1 - - [23/Apr/2021 22:39:43] "[37mPOST /auth/register/v2 HTTP/1.1[0m" 200 -
127.0.0.1 - - [23/Apr/2021 22:39:43] "[37mPOST /auth/register/v2 HTTP/1.1[0m" 200 -
127.0.0.1 - - [23/Apr/2021 22:39:43] "[37mPOST /auth/login/v2 HTTP/1.1[0m" 200 -
127.0.0.1 - - [23/Apr/2021 22:39:43] "[37mPOST /auth/login/v2 HTTP/1.1[0m" 200 -
127.0.0.1 - - [23/Apr/2021 22:39:43] "[37mPOST /auth/login/v2 HTTP/1.1[0m" 200 -
127.0.0.1 - - [23/Apr/2021 22:39:43] "[37mPOST /channels/create/v2 HTTP/1.1[0m" 200 -
127.0.0.1 - - [23/Apr/2021 22:39:43] "[37mPOST /channel/join/v2 HTTP/1.1[0m" 200 -
127.0.0.1 - - [23/Apr/2021 22:39:43] "[37mPOST /channel/join/v2 HTTP/1.1[0m" 200 -
127.0.0.1 - - [23/Apr/2021 22:39:43] "[31m[1mPOST /channel/addowner/v1 HTTP/1.1[0m" 403 -
127.0.0.1 - - [23/Apr/2021 22:39:43] "[37mDELETE /clear/v1 HTTP/1.1[0m" 200 -
127.0.0.1 - - [23/Apr/2021 22:39:43] "[37mPOST /auth/register/v2 HTTP/1.1[0m" 200 -
127.0.0.1 - - [23/Apr/2021 22:39:43] "[37mPOST /auth/register/v2 HTTP/1.1[0m" 200 -
127.0.0.1 - - [23/Apr/2021 22:39:43] "[37mPOST /auth/login/v2 HTTP/1.1[0m" 200 -
127.0.0.1 - - [23/Apr/2021 22:39:43] "[37mPOST /auth/login/v2 HTTP/1.1[0m" 200 -
127.0.0.1 - - [23/Apr/2021 22:39:43] "[37mPOST /channels/create/v2 HTTP/1.1[0m" 200 -
127.0.0.1 - - [23/Apr/2021 22:39:43] "[37mPOST /channel/join/v2 HTTP/1.1[0m" 200 -
127.0.0.1 - - [23/Apr/2021 22:39:43] "[31m[1mPOST /channel/addowner/v1 HTTP/1.1[0m" 403 -
127.0.0.1 - - [23/Apr/2021 22:39:43] "[37mDELETE /clear/v1 HTTP/1.1[0m" 200 -
127.0.0.1 - - [23/Apr/2021 22:39:43] "[37mPOST /auth/register/v2 HTTP/1.1[0m" 200 -
127.0.0.1 - - [23/Apr/2021 22:39:43] "[37mPOST /auth/register/v2 HTTP/1.1[0m" 200 -
127.0.0.1 - - [23/Apr/2021 22:39:43] "[37mPOST /auth/register/v2 HTTP/1.1[0m" 200 -
127.0.0.1 - - [23/Apr/2021 22:39:43] "[37mPOST /auth/login/v2 HTTP/1.1[0m" 200 -
127.0.0.1 - - [23/Apr/2021 22:39:43] "[37mPOST /auth/login/v2 HTTP/1.1[0m" 200 -
127.0.0.1 - - [23/Apr/2021 22:39:43] "[37mPOST /auth/login/v2 HTTP/1.1[0m" 200 -
127.0.0.1 - - [23/Apr/2021 22:39:43] "[37mPOST /channels/create/v2 HTTP/1.1[0m" 200 -
127.0.0.1 - - [23/Apr/2021 22:39:43] "[37mPOST /channel/join/v2 HTTP/1.1[0m" 200 -
127.0.0.1 - - [23/Apr/2021 22:39:43] "[37mPOST /channel/addowner/v1 HTTP/1.1[0m" 200 -
127.0.0.1 - - [23/Apr/2021 22:39:43] "[37mGET /channel/details/v2?token=eyJ0eXAiOiJKV1QiLCJhbGciOiJIUzI1NiJ9.eyJnaWQiOjY2LCJsb2dpbl90aW1lIjoxNjE5MTgxNTgzLCJzYWx0IjoiYjViNGJiMTMtOWU4ZC00MDZhLWIzZjktYzNhYTc3NmZiNzU1In0.lw4Iu2ZT3TmUa0Md7fwOT6-bzoXaqVLaSCEdgWkWU_4&channel_id=68 HTTP/1.1[0m" 200 -
127.0.0.1 - - [23/Apr/2021 22:39:43] "[37mDELETE /clear/v1 HTTP/1.1[0m" 200 -
127.0.0.1 - - [23/Apr/2021 22:39:43] "[37mPOST /auth/register/v2 HTTP/1.1[0m" 200 -
127.0.0.1 - - [23/Apr/2021 22:39:43] "[37mPOST /auth/register/v2 HTTP/1.1[0m" 200 -
127.0.0.1 - - [23/Apr/2021 22:39:43] "[37mPOST /auth/login/v2 HTTP/1.1[0m" 200 -
127.0.0.1 - - [23/Apr/2021 22:39:43] "[37mPOST /auth/login/v2 HTTP/1.1[0m" 200 -
127.0.0.1 - - [23/Apr/2021 22:39:43] "[37mPOST /channels/create/v2 HTTP/1.1[0m" 200 -
127.0.0.1 - - [23/Apr/2021 22:39:43] "[33mPOST /channels/join/v2 HTTP/1.1[0m" 404 -
127.0.0.1 - - [23/Apr/2021 22:39:43] "[37mPOST /channel/addowner/v1 HTTP/1.1[0m" 200 -
127.0.0.1 - - [23/Apr/2021 22:39:43] "[31m[1mPOST /channel/removeowner/v1 HTTP/1.1[0m" 400 -
127.0.0.1 - - [23/Apr/2021 22:39:43] "[37mDELETE /clear/v1 HTTP/1.1[0m" 200 -
127.0.0.1 - - [23/Apr/2021 22:39:43] "[37mPOST /auth/register/v2 HTTP/1.1[0m" 200 -
127.0.0.1 - - [23/Apr/2021 22:39:43] "[37mPOST /auth/register/v2 HTTP/1.1[0m" 200 -
127.0.0.1 - - [23/Apr/2021 22:39:43] "[37mPOST /auth/login/v2 HTTP/1.1[0m" 200 -
127.0.0.1 - - [23/Apr/2021 22:39:43] "[37mPOST /auth/login/v2 HTTP/1.1[0m" 200 -
127.0.0.1 - - [23/Apr/2021 22:39:43] "[37mPOST /channels/create/v2 HTTP/1.1[0m" 200 -
127.0.0.1 - - [23/Apr/2021 22:39:43] "[33mPOST /channels/join/v2 HTTP/1.1[0m" 404 -
127.0.0.1 - - [23/Apr/2021 22:39:43] "[31m[1mPOST /channel/removeowner/v1 HTTP/1.1[0m" 400 -
127.0.0.1 - - [23/Apr/2021 22:39:43] "[37mDELETE /clear/v1 HTTP/1.1[0m" 200 -
127.0.0.1 - - [23/Apr/2021 22:39:43] "[37mPOST /auth/register/v2 HTTP/1.1[0m" 200 -
127.0.0.1 - - [23/Apr/2021 22:39:43] "[37mPOST /auth/register/v2 HTTP/1.1[0m" 200 -
127.0.0.1 - - [23/Apr/2021 22:39:43] "[37mPOST /auth/login/v2 HTTP/1.1[0m" 200 -
127.0.0.1 - - [23/Apr/2021 22:39:43] "[37mPOST /auth/login/v2 HTTP/1.1[0m" 200 -
127.0.0.1 - - [23/Apr/2021 22:39:43] "[37mPOST /channels/create/v2 HTTP/1.1[0m" 200 -
127.0.0.1 - - [23/Apr/2021 22:39:43] "[31m[1mPOST /channel/removeowner/v1 HTTP/1.1[0m" 400 -
127.0.0.1 - - [23/Apr/2021 22:39:43] "[37mDELETE /clear/v1 HTTP/1.1[0m" 200 -
127.0.0.1 - - [23/Apr/2021 22:39:43] "[37mPOST /auth/register/v2 HTTP/1.1[0m" 200 -
127.0.0.1 - - [23/Apr/2021 22:39:43] "[37mPOST /auth/register/v2 HTTP/1.1[0m" 200 -
127.0.0.1 - - [23/Apr/2021 22:39:43] "[37mPOST /auth/register/v2 HTTP/1.1[0m" 200 -
127.0.0.1 - - [23/Apr/2021 22:39:43] "[37mPOST /auth/login/v2 HTTP/1.1[0m" 200 -
127.0.0.1 - - [23/Apr/2021 22:39:43] "[37mPOST /auth/login/v2 HTTP/1.1[0m" 200 -
127.0.0.1 - - [23/Apr/2021 22:39:43] "[37mPOST /auth/login/v2 HTTP/1.1[0m" 200 -
127.0.0.1 - - [23/Apr/2021 22:39:43] "[37mPOST /channels/create/v2 HTTP/1.1[0m" 200 -
127.0.0.1 - - [23/Apr/2021 22:39:43] "[37mPOST /channel/join/v2 HTTP/1.1[0m" 200 -
127.0.0.1 - - [23/Apr/2021 22:39:43] "[37mPOST /channel/join/v2 HTTP/1.1[0m" 200 -
127.0.0.1 - - [23/Apr/2021 22:39:43] "[37mPOST /channel/addowner/v1 HTTP/1.1[0m" 200 -
127.0.0.1 - - [23/Apr/2021 22:39:43] "[31m[1mPOST /channel/removeowner/v1 HTTP/1.1[0m" 403 -
127.0.0.1 - - [23/Apr/2021 22:39:43] "[37mDELETE /clear/v1 HTTP/1.1[0m" 200 -
127.0.0.1 - - [23/Apr/2021 22:39:43] "[37mPOST /auth/register/v2 HTTP/1.1[0m" 200 -
127.0.0.1 - - [23/Apr/2021 22:39:43] "[37mPOST /auth/register/v2 HTTP/1.1[0m" 200 -
127.0.0.1 - - [23/Apr/2021 22:39:43] "[37mPOST /auth/login/v2 HTTP/1.1[0m" 200 -
127.0.0.1 - - [23/Apr/2021 22:39:43] "[37mPOST /auth/login/v2 HTTP/1.1[0m" 200 -
127.0.0.1 - - [23/Apr/2021 22:39:43] "[37mPOST /channels/create/v2 HTTP/1.1[0m" 200 -
127.0.0.1 - - [23/Apr/2021 22:39:43] "[37mPOST /channel/join/v2 HTTP/1.1[0m" 200 -
127.0.0.1 - - [23/Apr/2021 22:39:43] "[37mPOST /channel/addowner/v1 HTTP/1.1[0m" 200 -
127.0.0.1 - - [23/Apr/2021 22:39:43] "[31m[1mPOST /channel/removeowner/v1 HTTP/1.1[0m" 403 -
127.0.0.1 - - [23/Apr/2021 22:39:43] "[37mDELETE /clear/v1 HTTP/1.1[0m" 200 -
127.0.0.1 - - [23/Apr/2021 22:39:43] "[37mPOST /auth/register/v2 HTTP/1.1[0m" 200 -
127.0.0.1 - - [23/Apr/2021 22:39:43] "[37mPOST /auth/register/v2 HTTP/1.1[0m" 200 -
127.0.0.1 - - [23/Apr/2021 22:39:43] "[37mPOST /auth/register/v2 HTTP/1.1[0m" 200 -
127.0.0.1 - - [23/Apr/2021 22:39:43] "[37mPOST /auth/login/v2 HTTP/1.1[0m" 200 -
127.0.0.1 - - [23/Apr/2021 22:39:43] "[37mPOST /auth/login/v2 HTTP/1.1[0m" 200 -
127.0.0.1 - - [23/Apr/2021 22:39:43] "[37mPOST /auth/login/v2 HTTP/1.1[0m" 200 -
127.0.0.1 - - [23/Apr/2021 22:39:43] "[37mPOST /channels/create/v2 HTTP/1.1[0m" 200 -
127.0.0.1 - - [23/Apr/2021 22:39:43] "[37mPOST /channel/join/v2 HTTP/1.1[0m" 200 -
127.0.0.1 - - [23/Apr/2021 22:39:43] "[37mPOST /channel/addowner/v1 HTTP/1.1[0m" 200 -
127.0.0.1 - - [23/Apr/2021 22:39:43] "[37mPOST /channel/removeowner/v1 HTTP/1.1[0m" 200 -
127.0.0.1 - - [23/Apr/2021 22:39:43] "[37mGET /channel/details/v2?token=eyJ0eXAiOiJKV1QiLCJhbGciOiJIUzI1NiJ9.eyJnaWQiOjg2LCJsb2dpbl90aW1lIjoxNjE5MTgxNTgzLCJzYWx0IjoiYzYzYjAwYjctNDlkOC00ZTE2LWFlOTQtZmU5ZmU2YTIwOTY0In0.O8KeBaGpE2yAfASPNalBlrpaZvTrY_J43PBDFj0CLYs&channel_id=88 HTTP/1.1[0m" 200 -
127.0.0.1 - - [23/Apr/2021 22:39:43] "[37mDELETE /clear/v1 HTTP/1.1[0m" 200 -
127.0.0.1 - - [23/Apr/2021 22:39:43] "[37mPOST /auth/register/v2 HTTP/1.1[0m" 200 -
127.0.0.1 - - [23/Apr/2021 22:39:43] "[37mPOST /auth/register/v2 HTTP/1.1[0m" 200 -
127.0.0.1 - - [23/Apr/2021 22:39:43] "[37mPOST /auth/login/v2 HTTP/1.1[0m" 200 -
127.0.0.1 - - [23/Apr/2021 22:39:43] "[37mPOST /auth/login/v2 HTTP/1.1[0m" 200 -
127.0.0.1 - - [23/Apr/2021 22:39:43] "[37mPOST /channels/create/v2 HTTP/1.1[0m" 200 -
127.0.0.1 - - [23/Apr/2021 22:39:43] "[33mPOST /channels/join/v2 HTTP/1.1[0m" 404 -
127.0.0.1 - - [23/Apr/2021 22:39:43] "[31m[1mPOST /channel/leave/v1 HTTP/1.1[0m" 400 -
127.0.0.1 - - [23/Apr/2021 22:39:43] "[37mDELETE /clear/v1 HTTP/1.1[0m" 200 -
127.0.0.1 - - [23/Apr/2021 22:39:43] "[37mPOST /auth/register/v2 HTTP/1.1[0m" 200 -
127.0.0.1 - - [23/Apr/2021 22:39:43] "[37mPOST /auth/register/v2 HTTP/1.1[0m" 200 -
127.0.0.1 - - [23/Apr/2021 22:39:43] "[37mPOST /auth/login/v2 HTTP/1.1[0m" 200 -
127.0.0.1 - - [23/Apr/2021 22:39:43] "[37mPOST /auth/login/v2 HTTP/1.1[0m" 200 -
127.0.0.1 - - [23/Apr/2021 22:39:43] "[37mPOST /channels/create/v2 HTTP/1.1[0m" 200 -
127.0.0.1 - - [23/Apr/2021 22:39:43] "[31m[1mPOST /channel/leave/v1 HTTP/1.1[0m" 403 -
127.0.0.1 - - [23/Apr/2021 22:39:43] "[37mDELETE /clear/v1 HTTP/1.1[0m" 200 -
127.0.0.1 - - [23/Apr/2021 22:39:43] "[37mPOST /auth/register/v2 HTTP/1.1[0m" 200 -
127.0.0.1 - - [23/Apr/2021 22:39:43] "[37mPOST /auth/register/v2 HTTP/1.1[0m" 200 -
127.0.0.1 - - [23/Apr/2021 22:39:43] "[37mPOST /auth/login/v2 HTTP/1.1[0m" 200 -
127.0.0.1 - - [23/Apr/2021 22:39:43] "[37mPOST /auth/login/v2 HTTP/1.1[0m" 200 -
127.0.0.1 - - [23/Apr/2021 22:39:43] "[37mPOST /channels/create/v2 HTTP/1.1[0m" 200 -
127.0.0.1 - - [23/Apr/2021 22:39:43] "[33mPOST /channels/join/v2 HTTP/1.1[0m" 404 -
127.0.0.1 - - [23/Apr/2021 22:39:43] "[31m[1mPOST /channel/leave/v1 HTTP/1.1[0m" 403 -
127.0.0.1 - - [23/Apr/2021 22:39:43] "[37mDELETE /clear/v1 HTTP/1.1[0m" 200 -
127.0.0.1 - - [23/Apr/2021 22:39:43] "[37mPOST /auth/register/v2 HTTP/1.1[0m" 200 -
127.0.0.1 - - [23/Apr/2021 22:39:43] "[37mPOST /auth/login/v2 HTTP/1.1[0m" 200 -
127.0.0.1 - - [23/Apr/2021 22:39:43] "[37mPOST /channels/create/v2 HTTP/1.1[0m" 200 -
127.0.0.1 - - [23/Apr/2021 22:39:43] "[31m[1mGET /channels/list/v2?token=eyJ0eXAiOiJKV1QiLCJhbGciOiJIUzI1NiJ9.eyJnaWQiOjk4LCJsb2dpbl90aW1lIjoxNjE5MTgxNTgzLCJzYWx0IjoiMDNlYjk4YzEtNzJiOS00MjYzLWIwNGUtNzVlODVhNzM0MjFlIn0.Sv4Yvt9cfjsbqM-F7Q2ccAAqJl71ad1J17ldwkU_0yA123 HTTP/1.1[0m" 403 -
127.0.0.1 - - [23/Apr/2021 22:39:43] "[37mDELETE /clear/v1 HTTP/1.1[0m" 200 -
127.0.0.1 - - [23/Apr/2021 22:39:43] "[37mPOST /auth/register/v2 HTTP/1.1[0m" 200 -
127.0.0.1 - - [23/Apr/2021 22:39:43] "[37mPOST /auth/login/v2 HTTP/1.1[0m" 200 -
127.0.0.1 - - [23/Apr/2021 22:39:43] "[37mPOST /channels/create/v2 HTTP/1.1[0m" 200 -
127.0.0.1 - - [23/Apr/2021 22:39:43] "[31m[1mGET /channels/listall/v2?token=eyJ0eXAiOiJKV1QiLCJhbGciOiJIUzI1NiJ9.eyJnaWQiOjEwMCwibG9naW5fdGltZSI6MTYxOTE4MTU4Mywic2FsdCI6IjI2YjA3NDdjLTE3NzktNDk2Ny04NWZkLTczMzZmNjllMmYwOCJ9.izDa1skpVgR0b_9xz-ghFxh0LNQ9sgtEQFyipVKITmo123 HTTP/1.1[0m" 403 -
127.0.0.1 - - [23/Apr/2021 22:39:43] "[37mDELETE /clear/v1 HTTP/1.1[0m" 200 -
127.0.0.1 - - [23/Apr/2021 22:39:43] "[37mPOST /auth/register/v2 HTTP/1.1[0m" 200 -
127.0.0.1 - - [23/Apr/2021 22:39:43] "[37mPOST /auth/login/v2 HTTP/1.1[0m" 200 -
127.0.0.1 - - [23/Apr/2021 22:39:43] "[31m[1mPOST /channels/create/v2 HTTP/1.1[0m" 400 -
127.0.0.1 - - [23/Apr/2021 22:39:43] "[37mDELETE /clear/v1 HTTP/1.1[0m" 200 -
127.0.0.1 - - [23/Apr/2021 22:39:43] "[37mPOST /auth/register/v2 HTTP/1.1[0m" 200 -
127.0.0.1 - - [23/Apr/2021 22:39:43] "[37mPOST /auth/login/v2 HTTP/1.1[0m" 200 -
127.0.0.1 - - [23/Apr/2021 22:39:43] "[31m[1mPOST /channels/create/v2 HTTP/1.1[0m" 403 -
127.0.0.1 - - [23/Apr/2021 22:39:43] "[37mDELETE /clear/v1 HTTP/1.1[0m" 200 -
127.0.0.1 - - [23/Apr/2021 22:39:43] "[37mPOST /auth/register/v2 HTTP/1.1[0m" 200 -
127.0.0.1 - - [23/Apr/2021 22:39:43] "[37mPOST /auth/register/v2 HTTP/1.1[0m" 200 -
127.0.0.1 - - [23/Apr/2021 22:39:43] "[37mPOST /auth/register/v2 HTTP/1.1[0m" 200 -
127.0.0.1 - - [23/Apr/2021 22:39:43] "[37mPOST /auth/login/v2 HTTP/1.1[0m" 200 -
127.0.0.1 - - [23/Apr/2021 22:39:43] "[37mPOST /auth/login/v2 HTTP/1.1[0m" 200 -
127.0.0.1 - - [23/Apr/2021 22:39:43] "[37mPOST /auth/login/v2 HTTP/1.1[0m" 200 -
127.0.0.1 - - [23/Apr/2021 22:39:43] "[37mPOST /channels/create/v2 HTTP/1.1[0m" 200 -
127.0.0.1 - - [23/Apr/2021 22:39:43] "[37mGET /channels/listall/v2?token=eyJ0eXAiOiJKV1QiLCJhbGciOiJIUzI1NiJ9.eyJnaWQiOjEwNSwibG9naW5fdGltZSI6MTYxOTE4MTU4Mywic2FsdCI6IjY2MTdjNzY3LWQ4NDMtNDMyNC05NzkwLTI0MDE3YTIyMDM3YSJ9.g3Z062dmjfBXlfTVl5I7eYYqj8MgpILhm08DI4ycovA HTTP/1.1[0m" 200 -
127.0.0.1 - - [23/Apr/2021 22:39:43] "[37mPOST /channel/invite/v2 HTTP/1.1[0m" 200 -
127.0.0.1 - - [23/Apr/2021 22:39:43] "[37mPOST /channel/join/v2 HTTP/1.1[0m" 200 -
127.0.0.1 - - [23/Apr/2021 22:39:43] "[37mGET /channels/list/v2?token=eyJ0eXAiOiJKV1QiLCJhbGciOiJIUzI1NiJ9.eyJnaWQiOjEwNiwibG9naW5fdGltZSI6MTYxOTE4MTU4Mywic2FsdCI6IjMzMzc1OTQzLTdjODAtNDJlMS04YWRmLTc5N2Q2NmViNzBmMiJ9.pQzYtferm1P_GTsCoKH3rrwek5LBi3dTrm4IqmuGKY8 HTTP/1.1[0m" 200 -
127.0.0.1 - - [23/Apr/2021 22:39:43] "[37mGET /channel/details/v2?token=eyJ0eXAiOiJKV1QiLCJhbGciOiJIUzI1NiJ9.eyJnaWQiOjEwNywibG9naW5fdGltZSI6MTYxOTE4MTU4Mywic2FsdCI6IjljMGNiMmM2LTRkZGQtNDQ0Yi05MDQwLWExYTE1NDQ1ZmM3NiJ9.ixxaCGqp4SUZXjCUIjTiRw0729VnXfNqWGzgODoiuFE&channel_id=108 HTTP/1.1[0m" 200 -
127.0.0.1 - - [23/Apr/2021 22:39:43] "[37mPOST /channel/addowner/v1 HTTP/1.1[0m" 200 -
127.0.0.1 - - [23/Apr/2021 22:39:43] "[37mGET /channel/details/v2?token=eyJ0eXAiOiJKV1QiLCJhbGciOiJIUzI1NiJ9.eyJnaWQiOjEwNSwibG9naW5fdGltZSI6MTYxOTE4MTU4Mywic2FsdCI6IjY2MTdjNzY3LWQ4NDMtNDMyNC05NzkwLTI0MDE3YTIyMDM3YSJ9.g3Z062dmjfBXlfTVl5I7eYYqj8MgpILhm08DI4ycovA&channel_id=108 HTTP/1.1[0m" 200 -
127.0.0.1 - - [23/Apr/2021 22:39:43] "[37mPOST /channel/removeowner/v1 HTTP/1.1[0m" 200 -
127.0.0.1 - - [23/Apr/2021 22:39:43] "[37mGET /channel/details/v2?token=eyJ0eXAiOiJKV1QiLCJhbGciOiJIUzI1NiJ9.eyJnaWQiOjEwNSwibG9naW5fdGltZSI6MTYxOTE4MTU4Mywic2FsdCI6IjY2MTdjNzY3LWQ4NDMtNDMyNC05NzkwLTI0MDE3YTIyMDM3YSJ9.g3Z062dmjfBXlfTVl5I7eYYqj8MgpILhm08DI4ycovA&channel_id=108 HTTP/1.1[0m" 200 -
127.0.0.1 - - [23/Apr/2021 22:39:43] "[37mPOST /channel/leave/v1 HTTP/1.1[0m" 200 -
127.0.0.1 - - [23/Apr/2021 22:39:43] "[37mGET /channel/details/v2?token=eyJ0eXAiOiJKV1QiLCJhbGciOiJIUzI1NiJ9.eyJnaWQiOjEwNSwibG9naW5fdGltZSI6MTYxOTE4MTU4Mywic2FsdCI6IjY2MTdjNzY3LWQ4NDMtNDMyNC05NzkwLTI0MDE3YTIyMDM3YSJ9.g3Z062dmjfBXlfTVl5I7eYYqj8MgpILhm08DI4ycovA&channel_id=108 HTTP/1.1[0m" 200 -
127.0.0.1 - - [23/Apr/2021 22:39:43] "[37mDELETE /clear/v1 HTTP/1.1[0m" 200 -
127.0.0.1 - - [23/Apr/2021 22:39:43] "[37mPOST /auth/register/v2 HTTP/1.1[0m" 200 -
127.0.0.1 - - [23/Apr/2021 22:39:43] "[31m[1mPOST /dm/create/v1 HTTP/1.1[0m" 400 -
127.0.0.1 - - [23/Apr/2021 22:39:43] "[37mDELETE /clear/v1 HTTP/1.1[0m" 200 -
127.0.0.1 - - [23/Apr/2021 22:39:43] "[37mPOST /auth/register/v2 HTTP/1.1[0m" 200 -
127.0.0.1 - - [23/Apr/2021 22:39:43] "[37mPOST /auth/register/v2 HTTP/1.1[0m" 200 -
127.0.0.1 - - [23/Apr/2021 22:39:43] "[37mPOST /dm/create/v1 HTTP/1.1[0m" 200 -
127.0.0.1 - - [23/Apr/2021 22:39:43] "[31m[1mPOST /dm/invite/v1 HTTP/1.1[0m" 400 -
127.0.0.1 - - [23/Apr/2021 22:39:43] "[37mDELETE /clear/v1 HTTP/1.1[0m" 200 -
127.0.0.1 - - [23/Apr/2021 22:39:43] "[37mPOST /auth/register/v2 HTTP/1.1[0m" 200 -
127.0.0.1 - - [23/Apr/2021 22:39:43] "[37mPOST /auth/register/v2 HTTP/1.1[0m" 200 -
127.0.0.1 - - [23/Apr/2021 22:39:43] "[37mPOST /auth/register/v2 HTTP/1.1[0m" 200 -
127.0.0.1 - - [23/Apr/2021 22:39:43] "[37mPOST /dm/create/v1 HTTP/1.1[0m" 200 -
[2021-04-23 22:39:43,878] ERROR in app: Exception on /dm/invite/v1 [POST]
Traceback (most recent call last):
  File "/import/kamen/3/cs1531/.local/lib/python3.7/site-packages/flask/app.py", line 1950, in full_dispatch_request
    rv = self.dispatch_request()
  File "/import/kamen/3/cs1531/.local/lib/python3.7/site-packages/flask/app.py", line 1936, in dispatch_request
    return self.view_functions[rule.endpoint](**req.view_args)
  File "/tmp_amd/kamen/export/kamen/3/cs1531/automark/src/server.py", line 250, in dm_invite_server
    dm_id = int(request.json.get('dm_id'))
ValueError: invalid literal for int() with base 10: 'incorrect_dm_id'

During handling of the above exception, another exception occurred:

Traceback (most recent call last):
  File "/import/kamen/3/cs1531/.local/lib/python3.7/site-packages/flask/app.py", line 2447, in wsgi_app
    response = self.full_dispatch_request()
  File "/import/kamen/3/cs1531/.local/lib/python3.7/site-packages/flask/app.py", line 1952, in full_dispatch_request
    rv = self.handle_user_exception(e)
  File "/import/kamen/3/cs1531/.local/lib/python3.7/site-packages/flask_cors/extension.py", line 165, in wrapped_function
    return cors_after_request(app.make_response(f(*args, **kwargs)))
  File "/import/kamen/3/cs1531/.local/lib/python3.7/site-packages/flask/app.py", line 1822, in handle_user_exception
    return handler(e)
  File "/tmp_amd/kamen/export/kamen/3/cs1531/automark/src/api/error.py", line 5, in default_handler
    response = err.get_response()
AttributeError: 'ValueError' object has no attribute 'get_response'
127.0.0.1 - - [23/Apr/2021 22:39:43] "[35m[1mPOST /dm/invite/v1 HTTP/1.1[0m" 500 -
127.0.0.1 - - [23/Apr/2021 22:39:43] "[37mDELETE /clear/v1 HTTP/1.1[0m" 200 -
127.0.0.1 - - [23/Apr/2021 22:39:43] "[37mPOST /auth/register/v2 HTTP/1.1[0m" 200 -
127.0.0.1 - - [23/Apr/2021 22:39:43] "[37mPOST /auth/register/v2 HTTP/1.1[0m" 200 -
127.0.0.1 - - [23/Apr/2021 22:39:43] "[37mPOST /dm/create/v1 HTTP/1.1[0m" 200 -
127.0.0.1 - - [23/Apr/2021 22:39:43] "[31m[1mPOST /dm/invite/v1 HTTP/1.1[0m" 400 -
127.0.0.1 - - [23/Apr/2021 22:39:43] "[37mDELETE /clear/v1 HTTP/1.1[0m" 200 -
127.0.0.1 - - [23/Apr/2021 22:39:43] "[37mPOST /auth/register/v2 HTTP/1.1[0m" 200 -
127.0.0.1 - - [23/Apr/2021 22:39:43] "[37mPOST /auth/register/v2 HTTP/1.1[0m" 200 -
127.0.0.1 - - [23/Apr/2021 22:39:43] "[37mPOST /dm/create/v1 HTTP/1.1[0m" 200 -
[2021-04-23 22:39:43,947] ERROR in app: Exception on /dm/remove/v1 [DELETE]
Traceback (most recent call last):
  File "/import/kamen/3/cs1531/.local/lib/python3.7/site-packages/flask/app.py", line 1950, in full_dispatch_request
    rv = self.dispatch_request()
  File "/import/kamen/3/cs1531/.local/lib/python3.7/site-packages/flask/app.py", line 1936, in dispatch_request
    return self.view_functions[rule.endpoint](**req.view_args)
  File "/tmp_amd/kamen/export/kamen/3/cs1531/automark/src/server.py", line 240, in dm_remove_server
    dm_id = int(request.json.get('dm_id'))
ValueError: invalid literal for int() with base 10: 'incorrect_value'

During handling of the above exception, another exception occurred:

Traceback (most recent call last):
  File "/import/kamen/3/cs1531/.local/lib/python3.7/site-packages/flask/app.py", line 2447, in wsgi_app
    response = self.full_dispatch_request()
  File "/import/kamen/3/cs1531/.local/lib/python3.7/site-packages/flask/app.py", line 1952, in full_dispatch_request
    rv = self.handle_user_exception(e)
  File "/import/kamen/3/cs1531/.local/lib/python3.7/site-packages/flask_cors/extension.py", line 165, in wrapped_function
    return cors_after_request(app.make_response(f(*args, **kwargs)))
  File "/import/kamen/3/cs1531/.local/lib/python3.7/site-packages/flask/app.py", line 1822, in handle_user_exception
    return handler(e)
  File "/tmp_amd/kamen/export/kamen/3/cs1531/automark/src/api/error.py", line 5, in default_handler
    response = err.get_response()
AttributeError: 'ValueError' object has no attribute 'get_response'
127.0.0.1 - - [23/Apr/2021 22:39:43] "[35m[1mDELETE /dm/remove/v1 HTTP/1.1[0m" 500 -
127.0.0.1 - - [23/Apr/2021 22:39:43] "[37mDELETE /clear/v1 HTTP/1.1[0m" 200 -
127.0.0.1 - - [23/Apr/2021 22:39:43] "[37mPOST /auth/register/v2 HTTP/1.1[0m" 200 -
127.0.0.1 - - [23/Apr/2021 22:39:43] "[37mPOST /auth/register/v2 HTTP/1.1[0m" 200 -
127.0.0.1 - - [23/Apr/2021 22:39:43] "[37mPOST /dm/create/v1 HTTP/1.1[0m" 200 -
127.0.0.1 - - [23/Apr/2021 22:39:43] "[31m[1mDELETE /dm/remove/v1 HTTP/1.1[0m" 403 -
127.0.0.1 - - [23/Apr/2021 22:39:43] "[37mDELETE /clear/v1 HTTP/1.1[0m" 200 -
127.0.0.1 - - [23/Apr/2021 22:39:43] "[37mPOST /auth/register/v2 HTTP/1.1[0m" 200 -
127.0.0.1 - - [23/Apr/2021 22:39:43] "[37mPOST /auth/register/v2 HTTP/1.1[0m" 200 -
127.0.0.1 - - [23/Apr/2021 22:39:43] "[37mPOST /dm/create/v1 HTTP/1.1[0m" 200 -
[2021-04-23 22:39:43,997] ERROR in app: Exception on /dm/leave/v1 [POST]
Traceback (most recent call last):
  File "/import/kamen/3/cs1531/.local/lib/python3.7/site-packages/flask/app.py", line 1950, in full_dispatch_request
    rv = self.dispatch_request()
  File "/import/kamen/3/cs1531/.local/lib/python3.7/site-packages/flask/app.py", line 1936, in dispatch_request
    return self.view_functions[rule.endpoint](**req.view_args)
  File "/tmp_amd/kamen/export/kamen/3/cs1531/automark/src/server.py", line 261, in dm_leave_server
    dm_id = int(request.json.get('dm_id'))
ValueError: invalid literal for int() with base 10: 'invalid_dm_id'

During handling of the above exception, another exception occurred:

Traceback (most recent call last):
  File "/import/kamen/3/cs1531/.local/lib/python3.7/site-packages/flask/app.py", line 2447, in wsgi_app
    response = self.full_dispatch_request()
  File "/import/kamen/3/cs1531/.local/lib/python3.7/site-packages/flask/app.py", line 1952, in full_dispatch_request
    rv = self.handle_user_exception(e)
  File "/import/kamen/3/cs1531/.local/lib/python3.7/site-packages/flask_cors/extension.py", line 165, in wrapped_function
    return cors_after_request(app.make_response(f(*args, **kwargs)))
  File "/import/kamen/3/cs1531/.local/lib/python3.7/site-packages/flask/app.py", line 1822, in handle_user_exception
    return handler(e)
  File "/tmp_amd/kamen/export/kamen/3/cs1531/automark/src/api/error.py", line 5, in default_handler
    response = err.get_response()
AttributeError: 'ValueError' object has no attribute 'get_response'
127.0.0.1 - - [23/Apr/2021 22:39:43] "[35m[1mPOST /dm/leave/v1 HTTP/1.1[0m" 500 -
127.0.0.1 - - [23/Apr/2021 22:39:44] "[37mDELETE /clear/v1 HTTP/1.1[0m" 200 -
127.0.0.1 - - [23/Apr/2021 22:39:44] "[37mPOST /auth/register/v2 HTTP/1.1[0m" 200 -
127.0.0.1 - - [23/Apr/2021 22:39:44] "[37mPOST /auth/register/v2 HTTP/1.1[0m" 200 -
127.0.0.1 - - [23/Apr/2021 22:39:44] "[37mPOST /auth/register/v2 HTTP/1.1[0m" 200 -
127.0.0.1 - - [23/Apr/2021 22:39:44] "[37mPOST /dm/create/v1 HTTP/1.1[0m" 200 -
127.0.0.1 - - [23/Apr/2021 22:39:44] "[31m[1mPOST /dm/leave/v1 HTTP/1.1[0m" 403 -
127.0.0.1 - - [23/Apr/2021 22:39:44] "[37mDELETE /clear/v1 HTTP/1.1[0m" 200 -
127.0.0.1 - - [23/Apr/2021 22:39:44] "[37mPOST /auth/register/v2 HTTP/1.1[0m" 200 -
127.0.0.1 - - [23/Apr/2021 22:39:44] "[37mPOST /auth/register/v2 HTTP/1.1[0m" 200 -
127.0.0.1 - - [23/Apr/2021 22:39:44] "[37mPOST /dm/create/v1 HTTP/1.1[0m" 200 -
[2021-04-23 22:39:44,050] ERROR in app: Exception on /dm/details/v1 [GET]
Traceback (most recent call last):
  File "/import/kamen/3/cs1531/.local/lib/python3.7/site-packages/flask/app.py", line 1950, in full_dispatch_request
    rv = self.dispatch_request()
  File "/import/kamen/3/cs1531/.local/lib/python3.7/site-packages/flask/app.py", line 1936, in dispatch_request
    return self.view_functions[rule.endpoint](**req.view_args)
  File "/tmp_amd/kamen/export/kamen/3/cs1531/automark/src/server.py", line 211, in dm_details_server
    dm_id = int(request.args.get('dm_id'))
ValueError: invalid literal for int() with base 10: 'invalid_token'

During handling of the above exception, another exception occurred:

Traceback (most recent call last):
  File "/import/kamen/3/cs1531/.local/lib/python3.7/site-packages/flask/app.py", line 2447, in wsgi_app
    response = self.full_dispatch_request()
  File "/import/kamen/3/cs1531/.local/lib/python3.7/site-packages/flask/app.py", line 1952, in full_dispatch_request
    rv = self.handle_user_exception(e)
  File "/import/kamen/3/cs1531/.local/lib/python3.7/site-packages/flask_cors/extension.py", line 165, in wrapped_function
    return cors_after_request(app.make_response(f(*args, **kwargs)))
  File "/import/kamen/3/cs1531/.local/lib/python3.7/site-packages/flask/app.py", line 1822, in handle_user_exception
    return handler(e)
  File "/tmp_amd/kamen/export/kamen/3/cs1531/automark/src/api/error.py", line 5, in default_handler
    response = err.get_response()
AttributeError: 'ValueError' object has no attribute 'get_response'
127.0.0.1 - - [23/Apr/2021 22:39:44] "[35m[1mGET /dm/details/v1?token=eyJ0eXAiOiJKV1QiLCJhbGciOiJIUzI1NiJ9.eyJnaWQiOjEzMywibG9naW5fdGltZSI6MTYxOTE4MTU4NCwic2FsdCI6IjI4ZDhmYjQ2LWEzNjEtNGIyZi1hMDc3LTMwMjhkNDVkNTlkNSJ9.dh8-n3cQhvLJHbShZHjhvugIhthRr9SzW4ojNdtEYgQ&dm_id=invalid_token HTTP/1.1[0m" 500 -
127.0.0.1 - - [23/Apr/2021 22:39:44] "[37mDELETE /clear/v1 HTTP/1.1[0m" 200 -
127.0.0.1 - - [23/Apr/2021 22:39:44] "[37mPOST /auth/register/v2 HTTP/1.1[0m" 200 -
127.0.0.1 - - [23/Apr/2021 22:39:44] "[37mPOST /auth/register/v2 HTTP/1.1[0m" 200 -
127.0.0.1 - - [23/Apr/2021 22:39:44] "[37mPOST /auth/register/v2 HTTP/1.1[0m" 200 -
127.0.0.1 - - [23/Apr/2021 22:39:44] "[37mPOST /dm/create/v1 HTTP/1.1[0m" 200 -
127.0.0.1 - - [23/Apr/2021 22:39:44] "[31m[1mGET /dm/details/v1?token=eyJ0eXAiOiJKV1QiLCJhbGciOiJIUzI1NiJ9.eyJnaWQiOjEzOCwibG9naW5fdGltZSI6MTYxOTE4MTU4NCwic2FsdCI6IjA1NTNiNjU0LTg3NWQtNDZhYi05MDBmLWJiMjc5MDNkZWMxOSJ9.Lry0nelVMOnRyHHqYTXnBoGEh1BIC5XA2F7_Ukw53RQ&dm_id=139 HTTP/1.1[0m" 403 -
127.0.0.1 - - [23/Apr/2021 22:39:44] "[37mDELETE /clear/v1 HTTP/1.1[0m" 200 -
127.0.0.1 - - [23/Apr/2021 22:39:44] "[37mPOST /auth/register/v2 HTTP/1.1[0m" 200 -
[2021-04-23 22:39:44,097] ERROR in app: Exception on /dm/messages/v1 [GET]
Traceback (most recent call last):
  File "/import/kamen/3/cs1531/.local/lib/python3.7/site-packages/flask/app.py", line 1950, in full_dispatch_request
    rv = self.dispatch_request()
  File "/import/kamen/3/cs1531/.local/lib/python3.7/site-packages/flask/app.py", line 1936, in dispatch_request
    return self.view_functions[rule.endpoint](**req.view_args)
  File "/tmp_amd/kamen/export/kamen/3/cs1531/automark/src/server.py", line 271, in dm_messages_server
    dm_id = int(request.args.get('dm_id'))
ValueError: invalid literal for int() with base 10: 'invalid_dm_id'

During handling of the above exception, another exception occurred:

Traceback (most recent call last):
  File "/import/kamen/3/cs1531/.local/lib/python3.7/site-packages/flask/app.py", line 2447, in wsgi_app
    response = self.full_dispatch_request()
  File "/import/kamen/3/cs1531/.local/lib/python3.7/site-packages/flask/app.py", line 1952, in full_dispatch_request
    rv = self.handle_user_exception(e)
  File "/import/kamen/3/cs1531/.local/lib/python3.7/site-packages/flask_cors/extension.py", line 165, in wrapped_function
    return cors_after_request(app.make_response(f(*args, **kwargs)))
  File "/import/kamen/3/cs1531/.local/lib/python3.7/site-packages/flask/app.py", line 1822, in handle_user_exception
    return handler(e)
  File "/tmp_amd/kamen/export/kamen/3/cs1531/automark/src/api/error.py", line 5, in default_handler
    response = err.get_response()
AttributeError: 'ValueError' object has no attribute 'get_response'
127.0.0.1 - - [23/Apr/2021 22:39:44] "[35m[1mGET /dm/messages/v1?token=eyJ0eXAiOiJKV1QiLCJhbGciOiJIUzI1NiJ9.eyJnaWQiOjE0MCwibG9naW5fdGltZSI6MTYxOTE4MTU4NCwic2FsdCI6IjY5OTkzNjZiLWI1NTctNGIxZS04ZDhkLTM4MjI2NWUxMmY4OSJ9.2SlVr5L3hX-FEbVo3OJ4QBTZJlEw1qh5eumnMgnnlSo&dm_id=invalid_dm_id&start=0 HTTP/1.1[0m" 500 -
127.0.0.1 - - [23/Apr/2021 22:39:44] "[37mDELETE /clear/v1 HTTP/1.1[0m" 200 -
127.0.0.1 - - [23/Apr/2021 22:39:44] "[37mPOST /auth/register/v2 HTTP/1.1[0m" 200 -
127.0.0.1 - - [23/Apr/2021 22:39:44] "[37mPOST /auth/register/v2 HTTP/1.1[0m" 200 -
127.0.0.1 - - [23/Apr/2021 22:39:44] "[37mPOST /dm/create/v1 HTTP/1.1[0m" 200 -
127.0.0.1 - - [23/Apr/2021 22:39:44] "[31m[1mGET /dm/messages/v1?token=eyJ0eXAiOiJKV1QiLCJhbGciOiJIUzI1NiJ9.eyJnaWQiOjE0MSwibG9naW5fdGltZSI6MTYxOTE4MTU4NCwic2FsdCI6IjJhNjA4YTMwLWEyZTUtNGU4Mi04ODRhLTA0M2JmY2JkNGRmZiJ9.b93-RcXU4d45eLPSqFvllM3kXtj96Em1rKmPtj1o6eE&dm_id=143&start=999 HTTP/1.1[0m" 400 -
127.0.0.1 - - [23/Apr/2021 22:39:44] "[37mDELETE /clear/v1 HTTP/1.1[0m" 200 -
127.0.0.1 - - [23/Apr/2021 22:39:44] "[37mPOST /auth/register/v2 HTTP/1.1[0m" 200 -
127.0.0.1 - - [23/Apr/2021 22:39:44] "[37mPOST /auth/register/v2 HTTP/1.1[0m" 200 -
127.0.0.1 - - [23/Apr/2021 22:39:44] "[37mPOST /auth/register/v2 HTTP/1.1[0m" 200 -
127.0.0.1 - - [23/Apr/2021 22:39:44] "[37mPOST /dm/create/v1 HTTP/1.1[0m" 200 -
127.0.0.1 - - [23/Apr/2021 22:39:44] "[31m[1mGET /dm/messages/v1?token=eyJ0eXAiOiJKV1QiLCJhbGciOiJIUzI1NiJ9.eyJnaWQiOjE0NiwibG9naW5fdGltZSI6MTYxOTE4MTU4NCwic2FsdCI6ImI4ZmZjZDQ4LWU2OWUtNGIwMy1hZjQ1LTI5NzI3NTMyNzY5NyJ9.Ei7zH1Vogv1ZdlBdtHgP41-z-5hf6Sp97e30aZZ0NAk&dm_id=147&start=0 HTTP/1.1[0m" 403 -
127.0.0.1 - - [23/Apr/2021 22:39:44] "[37mDELETE /clear/v1 HTTP/1.1[0m" 200 -
127.0.0.1 - - [23/Apr/2021 22:39:44] "[37mPOST /auth/register/v2 HTTP/1.1[0m" 200 -
127.0.0.1 - - [23/Apr/2021 22:39:44] "[37mPOST /auth/register/v2 HTTP/1.1[0m" 200 -
127.0.0.1 - - [23/Apr/2021 22:39:44] "[37mPOST /auth/register/v2 HTTP/1.1[0m" 200 -
127.0.0.1 - - [23/Apr/2021 22:39:44] "[33mGET /echo?data=hello HTTP/1.1[0m" 404 -
127.0.0.1 - - [23/Apr/2021 22:39:44] "[37mDELETE /clear/v1 HTTP/1.1[0m" 200 -
127.0.0.1 - - [23/Apr/2021 22:39:44] "[37mPOST /auth/register/v2 HTTP/1.1[0m" 200 -
127.0.0.1 - - [23/Apr/2021 22:39:44] "[37mPOST /channels/create/v2 HTTP/1.1[0m" 200 -
127.0.0.1 - - [23/Apr/2021 22:39:44] "[31m[1mPOST /message/send/v2 HTTP/1.1[0m" 400 -
127.0.0.1 - - [23/Apr/2021 22:39:44] "[37mDELETE /clear/v1 HTTP/1.1[0m" 200 -
127.0.0.1 - - [23/Apr/2021 22:39:44] "[37mPOST /auth/register/v2 HTTP/1.1[0m" 200 -
127.0.0.1 - - [23/Apr/2021 22:39:44] "[37mPOST /auth/register/v2 HTTP/1.1[0m" 200 -
127.0.0.1 - - [23/Apr/2021 22:39:44] "[37mPOST /channels/create/v2 HTTP/1.1[0m" 200 -
127.0.0.1 - - [23/Apr/2021 22:39:44] "[31m[1mPOST /message/send/v2 HTTP/1.1[0m" 403 -
127.0.0.1 - - [23/Apr/2021 22:39:44] "[37mDELETE /clear/v1 HTTP/1.1[0m" 200 -
127.0.0.1 - - [23/Apr/2021 22:39:44] "[37mPOST /auth/register/v2 HTTP/1.1[0m" 200 -
127.0.0.1 - - [23/Apr/2021 22:39:44] "[37mPOST /channels/create/v2 HTTP/1.1[0m" 200 -
127.0.0.1 - - [23/Apr/2021 22:39:44] "[37mPOST /message/send/v2 HTTP/1.1[0m" 200 -
127.0.0.1 - - [23/Apr/2021 22:39:44] "[37mDELETE /message/remove/v1 HTTP/1.1[0m" 200 -
127.0.0.1 - - [23/Apr/2021 22:39:44] "[31m[1mPUT /message/edit/v2 HTTP/1.1[0m" 400 -
127.0.0.1 - - [23/Apr/2021 22:39:44] "[37mDELETE /clear/v1 HTTP/1.1[0m" 200 -
127.0.0.1 - - [23/Apr/2021 22:39:44] "[37mPOST /auth/register/v2 HTTP/1.1[0m" 200 -
127.0.0.1 - - [23/Apr/2021 22:39:44] "[37mPOST /auth/register/v2 HTTP/1.1[0m" 200 -
127.0.0.1 - - [23/Apr/2021 22:39:44] "[37mPOST /channels/create/v2 HTTP/1.1[0m" 200 -
127.0.0.1 - - [23/Apr/2021 22:39:44] "[37mPOST /channel/join/v2 HTTP/1.1[0m" 200 -
127.0.0.1 - - [23/Apr/2021 22:39:44] "[37mPOST /message/send/v2 HTTP/1.1[0m" 200 -
127.0.0.1 - - [23/Apr/2021 22:39:44] "[31m[1mPUT /message/edit/v2 HTTP/1.1[0m" 403 -
127.0.0.1 - - [23/Apr/2021 22:39:44] "[37mDELETE /clear/v1 HTTP/1.1[0m" 200 -
127.0.0.1 - - [23/Apr/2021 22:39:44] "[37mPOST /auth/register/v2 HTTP/1.1[0m" 200 -
127.0.0.1 - - [23/Apr/2021 22:39:44] "[37mPOST /channels/create/v2 HTTP/1.1[0m" 200 -
[2021-04-23 22:39:44,297] ERROR in app: Exception on /message/remove/v1 [DELETE]
Traceback (most recent call last):
  File "/import/kamen/3/cs1531/.local/lib/python3.7/site-packages/flask/app.py", line 1950, in full_dispatch_request
    rv = self.dispatch_request()
  File "/import/kamen/3/cs1531/.local/lib/python3.7/site-packages/flask/app.py", line 1936, in dispatch_request
    return self.view_functions[rule.endpoint](**req.view_args)
  File "/tmp_amd/kamen/export/kamen/3/cs1531/automark/src/server.py", line 188, in message_remove_server
    message_id = int(request.json.get('message_id'))
ValueError: invalid literal for int() with base 10: 'haha'

During handling of the above exception, another exception occurred:

Traceback (most recent call last):
  File "/import/kamen/3/cs1531/.local/lib/python3.7/site-packages/flask/app.py", line 2447, in wsgi_app
    response = self.full_dispatch_request()
  File "/import/kamen/3/cs1531/.local/lib/python3.7/site-packages/flask/app.py", line 1952, in full_dispatch_request
    rv = self.handle_user_exception(e)
  File "/import/kamen/3/cs1531/.local/lib/python3.7/site-packages/flask_cors/extension.py", line 165, in wrapped_function
    return cors_after_request(app.make_response(f(*args, **kwargs)))
  File "/import/kamen/3/cs1531/.local/lib/python3.7/site-packages/flask/app.py", line 1822, in handle_user_exception
    return handler(e)
  File "/tmp_amd/kamen/export/kamen/3/cs1531/automark/src/api/error.py", line 5, in default_handler
    response = err.get_response()
AttributeError: 'ValueError' object has no attribute 'get_response'
127.0.0.1 - - [23/Apr/2021 22:39:44] "[35m[1mDELETE /message/remove/v1 HTTP/1.1[0m" 500 -
127.0.0.1 - - [23/Apr/2021 22:39:44] "[37mDELETE /clear/v1 HTTP/1.1[0m" 200 -
127.0.0.1 - - [23/Apr/2021 22:39:44] "[37mPOST /auth/register/v2 HTTP/1.1[0m" 200 -
127.0.0.1 - - [23/Apr/2021 22:39:44] "[37mPOST /auth/register/v2 HTTP/1.1[0m" 200 -
127.0.0.1 - - [23/Apr/2021 22:39:44] "[37mPOST /channels/create/v2 HTTP/1.1[0m" 200 -
127.0.0.1 - - [23/Apr/2021 22:39:44] "[37mPOST /channel/join/v2 HTTP/1.1[0m" 200 -
127.0.0.1 - - [23/Apr/2021 22:39:44] "[37mPOST /message/send/v2 HTTP/1.1[0m" 200 -
127.0.0.1 - - [23/Apr/2021 22:39:44] "[37mPOST /message/send/v2 HTTP/1.1[0m" 200 -
127.0.0.1 - - [23/Apr/2021 22:39:44] "[31m[1mDELETE /message/remove/v1 HTTP/1.1[0m" 403 -
127.0.0.1 - - [23/Apr/2021 22:39:44] "[37mDELETE /clear/v1 HTTP/1.1[0m" 200 -
127.0.0.1 - - [23/Apr/2021 22:39:44] "[37mPOST /auth/register/v2 HTTP/1.1[0m" 200 -
127.0.0.1 - - [23/Apr/2021 22:39:44] "[37mPOST /auth/register/v2 HTTP/1.1[0m" 200 -
127.0.0.1 - - [23/Apr/2021 22:39:44] "[37mPOST /channels/create/v2 HTTP/1.1[0m" 200 -
127.0.0.1 - - [23/Apr/2021 22:39:44] "[37mPOST /message/send/v2 HTTP/1.1[0m" 200 -
127.0.0.1 - - [23/Apr/2021 22:39:44] "[37mPOST /message/send/v2 HTTP/1.1[0m" 200 -
127.0.0.1 - - [23/Apr/2021 22:39:44] "[31m[1mPOST /message/share/v1 HTTP/1.1[0m" 403 -
127.0.0.1 - - [23/Apr/2021 22:39:44] "[37mDELETE /clear/v1 HTTP/1.1[0m" 200 -
127.0.0.1 - - [23/Apr/2021 22:39:44] "[37mPOST /auth/register/v2 HTTP/1.1[0m" 200 -
127.0.0.1 - - [23/Apr/2021 22:39:44] "[31m[1mPOST /auth/register/v2 HTTP/1.1[0m" 400 -
127.0.0.1 - - [23/Apr/2021 22:39:44] "[37mDELETE /clear/v1 HTTP/1.1[0m" 200 -
127.0.0.1 - - [23/Apr/2021 22:39:44] "[37mPOST /auth/register/v2 HTTP/1.1[0m" 200 -
127.0.0.1 - - [23/Apr/2021 22:39:44] "[37mPOST /auth/register/v2 HTTP/1.1[0m" 200 -
127.0.0.1 - - [23/Apr/2021 22:39:44] "[37mPOST /auth/register/v2 HTTP/1.1[0m" 200 -
127.0.0.1 - - [23/Apr/2021 22:39:44] "[37mPOST /dm/create/v1 HTTP/1.1[0m" 200 -
127.0.0.1 - - [23/Apr/2021 22:39:44] "[31m[1mPOST /message/senddm/v1 HTTP/1.1[0m" 403 -
127.0.0.1 - - [23/Apr/2021 22:39:44] "[37mDELETE /clear/v1 HTTP/1.1[0m" 200 -
127.0.0.1 - - [23/Apr/2021 22:39:44] "[37mPOST /auth/register/v2 HTTP/1.1[0m" 200 -
127.0.0.1 - - [23/Apr/2021 22:39:44] "[37mPOST /auth/register/v2 HTTP/1.1[0m" 200 -
127.0.0.1 - - [23/Apr/2021 22:39:44] "[37mPOST /auth/register/v2 HTTP/1.1[0m" 200 -
127.0.0.1 - - [23/Apr/2021 22:39:44] "[37mPOST /dm/create/v1 HTTP/1.1[0m" 200 -
127.0.0.1 - - [23/Apr/2021 22:39:44] "[37mPOST /channels/create/v2 HTTP/1.1[0m" 200 -
127.0.0.1 - - [23/Apr/2021 22:39:44] "[37mPOST /message/senddm/v1 HTTP/1.1[0m" 200 -
127.0.0.1 - - [23/Apr/2021 22:39:44] "[37mGET /dm/messages/v1?token=eyJ0eXAiOiJKV1QiLCJhbGciOiJIUzI1NiJ9.eyJnaWQiOjE4MCwibG9naW5fdGltZSI6MTYxOTE4MTU4NCwic2FsdCI6IjA2NTZkZDc3LTE1YzQtNGE2ZS1hMmM1LTgxZDZjMmQ5ZGIwMCJ9.hO6J9HpoIMN8j73vzU0JX0ntLnnUcicd1J93p_WhaYc&dm_id=183&start=0 HTTP/1.1[0m" 200 -
127.0.0.1 - - [23/Apr/2021 22:39:44] "[37mPUT /message/edit/v2 HTTP/1.1[0m" 200 -
127.0.0.1 - - [23/Apr/2021 22:39:44] "[37mGET /dm/messages/v1?token=eyJ0eXAiOiJKV1QiLCJhbGciOiJIUzI1NiJ9.eyJnaWQiOjE4MCwibG9naW5fdGltZSI6MTYxOTE4MTU4NCwic2FsdCI6IjA2NTZkZDc3LTE1YzQtNGE2ZS1hMmM1LTgxZDZjMmQ5ZGIwMCJ9.hO6J9HpoIMN8j73vzU0JX0ntLnnUcicd1J93p_WhaYc&dm_id=183&start=0 HTTP/1.1[0m" 200 -
127.0.0.1 - - [23/Apr/2021 22:39:44] "[37mDELETE /message/remove/v1 HTTP/1.1[0m" 200 -
127.0.0.1 - - [23/Apr/2021 22:39:44] "[37mGET /dm/messages/v1?token=eyJ0eXAiOiJKV1QiLCJhbGciOiJIUzI1NiJ9.eyJnaWQiOjE4MCwibG9naW5fdGltZSI6MTYxOTE4MTU4NCwic2FsdCI6IjA2NTZkZDc3LTE1YzQtNGE2ZS1hMmM1LTgxZDZjMmQ5ZGIwMCJ9.hO6J9HpoIMN8j73vzU0JX0ntLnnUcicd1J93p_WhaYc&dm_id=183&start=0 HTTP/1.1[0m" 200 -
127.0.0.1 - - [23/Apr/2021 22:39:44] "[37mPOST /message/send/v2 HTTP/1.1[0m" 200 -
127.0.0.1 - - [23/Apr/2021 22:39:44] "[37mPOST /message/send/v2 HTTP/1.1[0m" 200 -
127.0.0.1 - - [23/Apr/2021 22:39:44] "[37mPOST /message/send/v2 HTTP/1.1[0m" 200 -
127.0.0.1 - - [23/Apr/2021 22:39:44] "[37mPOST /message/send/v2 HTTP/1.1[0m" 200 -
127.0.0.1 - - [23/Apr/2021 22:39:44] "[37mPOST /message/send/v2 HTTP/1.1[0m" 200 -
127.0.0.1 - - [23/Apr/2021 22:39:44] "[37mPOST /message/send/v2 HTTP/1.1[0m" 200 -
127.0.0.1 - - [23/Apr/2021 22:39:44] "[37mPOST /message/send/v2 HTTP/1.1[0m" 200 -
127.0.0.1 - - [23/Apr/2021 22:39:44] "[37mPOST /message/send/v2 HTTP/1.1[0m" 200 -
127.0.0.1 - - [23/Apr/2021 22:39:44] "[37mPOST /message/send/v2 HTTP/1.1[0m" 200 -
127.0.0.1 - - [23/Apr/2021 22:39:44] "[37mPOST /message/send/v2 HTTP/1.1[0m" 200 -
127.0.0.1 - - [23/Apr/2021 22:39:44] "[37mPOST /message/send/v2 HTTP/1.1[0m" 200 -
127.0.0.1 - - [23/Apr/2021 22:39:44] "[37mPOST /message/send/v2 HTTP/1.1[0m" 200 -
127.0.0.1 - - [23/Apr/2021 22:39:44] "[37mPOST /message/send/v2 HTTP/1.1[0m" 200 -
127.0.0.1 - - [23/Apr/2021 22:39:44] "[37mPOST /message/send/v2 HTTP/1.1[0m" 200 -
127.0.0.1 - - [23/Apr/2021 22:39:44] "[37mPOST /message/send/v2 HTTP/1.1[0m" 200 -
127.0.0.1 - - [23/Apr/2021 22:39:44] "[37mPOST /message/send/v2 HTTP/1.1[0m" 200 -
127.0.0.1 - - [23/Apr/2021 22:39:44] "[37mPOST /message/send/v2 HTTP/1.1[0m" 200 -
127.0.0.1 - - [23/Apr/2021 22:39:44] "[37mPOST /message/send/v2 HTTP/1.1[0m" 200 -
127.0.0.1 - - [23/Apr/2021 22:39:44] "[37mPOST /message/send/v2 HTTP/1.1[0m" 200 -
127.0.0.1 - - [23/Apr/2021 22:39:44] "[37mPOST /message/send/v2 HTTP/1.1[0m" 200 -
127.0.0.1 - - [23/Apr/2021 22:39:44] "[37mPOST /message/send/v2 HTTP/1.1[0m" 200 -
127.0.0.1 - - [23/Apr/2021 22:39:44] "[37mPOST /message/send/v2 HTTP/1.1[0m" 200 -
127.0.0.1 - - [23/Apr/2021 22:39:44] "[37mPOST /message/send/v2 HTTP/1.1[0m" 200 -
127.0.0.1 - - [23/Apr/2021 22:39:44] "[37mPOST /message/send/v2 HTTP/1.1[0m" 200 -
127.0.0.1 - - [23/Apr/2021 22:39:44] "[37mPOST /message/send/v2 HTTP/1.1[0m" 200 -
127.0.0.1 - - [23/Apr/2021 22:39:44] "[37mPOST /message/send/v2 HTTP/1.1[0m" 200 -
127.0.0.1 - - [23/Apr/2021 22:39:44] "[37mPOST /message/send/v2 HTTP/1.1[0m" 200 -
127.0.0.1 - - [23/Apr/2021 22:39:44] "[37mPOST /message/send/v2 HTTP/1.1[0m" 200 -
127.0.0.1 - - [23/Apr/2021 22:39:44] "[37mPOST /message/send/v2 HTTP/1.1[0m" 200 -
127.0.0.1 - - [23/Apr/2021 22:39:44] "[37mPOST /message/send/v2 HTTP/1.1[0m" 200 -
127.0.0.1 - - [23/Apr/2021 22:39:44] "[37mPOST /message/send/v2 HTTP/1.1[0m" 200 -
127.0.0.1 - - [23/Apr/2021 22:39:44] "[37mPOST /message/send/v2 HTTP/1.1[0m" 200 -
127.0.0.1 - - [23/Apr/2021 22:39:44] "[37mPOST /message/send/v2 HTTP/1.1[0m" 200 -
127.0.0.1 - - [23/Apr/2021 22:39:44] "[37mPOST /message/send/v2 HTTP/1.1[0m" 200 -
127.0.0.1 - - [23/Apr/2021 22:39:44] "[37mPOST /message/send/v2 HTTP/1.1[0m" 200 -
127.0.0.1 - - [23/Apr/2021 22:39:44] "[37mPOST /message/send/v2 HTTP/1.1[0m" 200 -
127.0.0.1 - - [23/Apr/2021 22:39:44] "[37mPOST /message/send/v2 HTTP/1.1[0m" 200 -
127.0.0.1 - - [23/Apr/2021 22:39:44] "[37mPOST /message/send/v2 HTTP/1.1[0m" 200 -
127.0.0.1 - - [23/Apr/2021 22:39:44] "[37mPOST /message/send/v2 HTTP/1.1[0m" 200 -
127.0.0.1 - - [23/Apr/2021 22:39:44] "[37mPOST /message/send/v2 HTTP/1.1[0m" 200 -
127.0.0.1 - - [23/Apr/2021 22:39:44] "[37mPOST /message/send/v2 HTTP/1.1[0m" 200 -
127.0.0.1 - - [23/Apr/2021 22:39:44] "[37mPOST /message/send/v2 HTTP/1.1[0m" 200 -
127.0.0.1 - - [23/Apr/2021 22:39:44] "[37mPOST /message/send/v2 HTTP/1.1[0m" 200 -
127.0.0.1 - - [23/Apr/2021 22:39:44] "[37mPOST /message/send/v2 HTTP/1.1[0m" 200 -
127.0.0.1 - - [23/Apr/2021 22:39:44] "[37mPOST /message/send/v2 HTTP/1.1[0m" 200 -
127.0.0.1 - - [23/Apr/2021 22:39:44] "[37mPOST /message/send/v2 HTTP/1.1[0m" 200 -
127.0.0.1 - - [23/Apr/2021 22:39:44] "[37mPOST /message/send/v2 HTTP/1.1[0m" 200 -
127.0.0.1 - - [23/Apr/2021 22:39:44] "[37mPOST /message/send/v2 HTTP/1.1[0m" 200 -
127.0.0.1 - - [23/Apr/2021 22:39:44] "[37mPOST /message/send/v2 HTTP/1.1[0m" 200 -
127.0.0.1 - - [23/Apr/2021 22:39:44] "[37mPOST /message/send/v2 HTTP/1.1[0m" 200 -
127.0.0.1 - - [23/Apr/2021 22:39:44] "[37mPOST /message/send/v2 HTTP/1.1[0m" 200 -
127.0.0.1 - - [23/Apr/2021 22:39:44] "[37mPOST /message/send/v2 HTTP/1.1[0m" 200 -
127.0.0.1 - - [23/Apr/2021 22:39:44] "[37mPOST /message/send/v2 HTTP/1.1[0m" 200 -
127.0.0.1 - - [23/Apr/2021 22:39:44] "[37mPOST /message/send/v2 HTTP/1.1[0m" 200 -
127.0.0.1 - - [23/Apr/2021 22:39:44] "[37mPOST /message/send/v2 HTTP/1.1[0m" 200 -
127.0.0.1 - - [23/Apr/2021 22:39:44] "[37mPOST /message/send/v2 HTTP/1.1[0m" 200 -
127.0.0.1 - - [23/Apr/2021 22:39:44] "[37mPOST /message/send/v2 HTTP/1.1[0m" 200 -
127.0.0.1 - - [23/Apr/2021 22:39:44] "[37mPOST /message/send/v2 HTTP/1.1[0m" 200 -
127.0.0.1 - - [23/Apr/2021 22:39:44] "[37mPOST /message/send/v2 HTTP/1.1[0m" 200 -
127.0.0.1 - - [23/Apr/2021 22:39:44] "[37mPOST /message/send/v2 HTTP/1.1[0m" 200 -
127.0.0.1 - - [23/Apr/2021 22:39:44] "[37mGET /channel/messages/v2?token=eyJ0eXAiOiJKV1QiLCJhbGciOiJIUzI1NiJ9.eyJnaWQiOjE4MiwibG9naW5fdGltZSI6MTYxOTE4MTU4NCwic2FsdCI6ImQ0YzAzNjliLWRlZjUtNDFmYi04ZTBlLTQ3YmE2ZGVlMmI2YSJ9.uC6WSZcbtI4R64WPd0WljArYr9G1t2bs3rxIFa_3zvY&channel_id=184&start=5 HTTP/1.1[0m" 200 -
127.0.0.1 - - [23/Apr/2021 22:39:44] "[31m[1mPOST /message/share/v1 HTTP/1.1[0m" 400 -
127.0.0.1 - - [23/Apr/2021 22:39:44] "[37mDELETE /clear/v1 HTTP/1.1[0m" 200 -
127.0.0.1 - - [23/Apr/2021 22:39:44] "[37mPOST /auth/register/v2 HTTP/1.1[0m" 200 -
127.0.0.1 - - [23/Apr/2021 22:39:44] "[37mPOST /channels/create/v2 HTTP/1.1[0m" 200 -
127.0.0.1 - - [23/Apr/2021 22:39:44] "[37mGET /channels/list/v2?token=eyJ0eXAiOiJKV1QiLCJhbGciOiJIUzI1NiJ9.eyJnaWQiOjI0NiwibG9naW5fdGltZSI6MTYxOTE4MTU4NCwic2FsdCI6ImIxOGY2NTc1LTBjYzgtNGUwMS1hMmUzLTNhNzE2ZmFiM2Y2YSJ9.Jj5q5HNAcqk66khMcf0A4NGNOHj20oNLViGXbXQ5_Y8 HTTP/1.1[0m" 200 -
127.0.0.1 - - [23/Apr/2021 22:39:44] "[37mDELETE /clear/v1 HTTP/1.1[0m" 200 -
127.0.0.1 - - [23/Apr/2021 22:39:44] "[31m[1mGET /user/profile/v2?token=eyJ0eXAiOiJKV1QiLCJhbGciOiJIUzI1NiJ9.eyJnaWQiOjI0NiwibG9naW5fdGltZSI6MTYxOTE4MTU4NCwic2FsdCI6ImIxOGY2NTc1LTBjYzgtNGUwMS1hMmUzLTNhNzE2ZmFiM2Y2YSJ9.Jj5q5HNAcqk66khMcf0A4NGNOHj20oNLViGXbXQ5_Y8&u_id=246 HTTP/1.1[0m" 403 -
127.0.0.1 - - [23/Apr/2021 22:39:44] "[37mDELETE /clear/v1 HTTP/1.1[0m" 200 -
127.0.0.1 - - [23/Apr/2021 22:39:44] "[37mPOST /auth/register/v2 HTTP/1.1[0m" 200 -
127.0.0.1 - - [23/Apr/2021 22:39:44] "[37mPOST /auth/register/v2 HTTP/1.1[0m" 200 -
127.0.0.1 - - [23/Apr/2021 22:39:44] "[37mPOST /dm/create/v1 HTTP/1.1[0m" 200 -
127.0.0.1 - - [23/Apr/2021 22:39:44] "[37mPOST /message/senddm/v1 HTTP/1.1[0m" 200 -
127.0.0.1 - - [23/Apr/2021 22:39:44] "[31m[1mGET /search/v2?token=eyJ0eXAiOiJKV1QiLCJhbGciOiJIUzI1NiJ9.eyJnaWQiOjI0OCwibG9naW5fdGltZSI6MTYxOTE4MTU4NCwic2FsdCI6IjFjOWY4MTcyLThhNmItNGNhMS05YjY1LWZkODNkNTc5M2JhMCJ9.gfTdC-mqeTF5Qo7xZlJcw7-EqNTzFPOFEyUIP_wM_es&query_str=hhhhhhhhhhhhhhhhhhhhhhhhhhhhhhhhhhhhhhhhhhhhhhhhhhhhhhhhhhhhhhhhhhhhhhhhhhhhhhhhhhhhhhhhhhhhhhhhhhhhhhhhhhhhhhhhhhhhhhhhhhhhhhhhhhhhhhhhhhhhhhhhhhhhhhhhhhhhhhhhhhhhhhhhhhhhhhhhhhhhhhhhhhhhhhhhhhhhhhhhhhhhhhhhhhhhhhhhhhhhhhhhhhhhhhhhhhhhhhhhhhhhhhhhhhhhhhhhhhhhhhhhhhhhhhhhhhhhhhhhhhhhhhhhhhhhhhhhhhhhhhhhhhhhhhhhhhhhhhhhhhhhhhhhhhhhhhhhhhhhhhhhhhhhhhhhhhhhhhhhhhhhhhhhhhhhhhhhhhhhhhhhhhhhhhhhhhhhhhhhhhhhhhhhhhhhhhhhhhhhhhhhhhhhhhhhhhhhhhhhhhhhhhhhhhhhhhhhhhhhhhhhhhhhhhhhhhhhhhhhhhhhhhhhhhhhhhhhhhhhhhhhhhhhhhhhhhhhhhhhhhhhhhhhhhhhhhhhhhhhhhhhhhhhhhhhhhhhhhhhhhhhhhhhhhhhhhhhhhhhhhhhhhhhhhhhhhhhhhhhhhhhhhhhhhhhhhhhhhhhhhhhhhhhhhhhhhhhhhhhhhhhhhhhhhhhhhhhhhhhhhhhhhhhhhhhhhhhhhhhhhhhhhhhhhhhhhhhhhhhhhhhhhhhhhhhhhhhhhhhhhhhhhhhhhhhhhhhhhhhhhhhhhhhhhhhhhhhhhhhhhhhhhhhhhhhhhhhhhhhhhhhhhhhhhhhhhhhhhhhhhhhhhhhhhhhhhhhhhhhhhhhhhhhhhhhhhhhhhhhhhhhhhhhhhhhhhhhhhhhhhhhhhhhhhhhhhhhhhhhhhhhhhhhhhhhhhhhhhhhhhhhhhhhhhhhhhhhhhhhhhhhhhhhhhhhhhhhhhhhhhhhhhhhhhhhhhhhhhhhhhhhhhhhhhhhhhhhhhhhhhhhhhhhhhhhhhhhhhhhhhhhh HTTP/1.1[0m" 400 -
127.0.0.1 - - [23/Apr/2021 22:39:44] "[37mDELETE /clear/v1 HTTP/1.1[0m" 200 -
127.0.0.1 - - [23/Apr/2021 22:39:44] "[37mPOST /auth/register/v2 HTTP/1.1[0m" 200 -
127.0.0.1 - - [23/Apr/2021 22:39:44] "[37mPOST /auth/register/v2 HTTP/1.1[0m" 200 -
127.0.0.1 - - [23/Apr/2021 22:39:44] "[37mPOST /dm/create/v1 HTTP/1.1[0m" 200 -
127.0.0.1 - - [23/Apr/2021 22:39:44] "[37mPOST /message/senddm/v1 HTTP/1.1[0m" 200 -
127.0.0.1 - - [23/Apr/2021 22:39:44] "[37mPOST /message/senddm/v1 HTTP/1.1[0m" 200 -
127.0.0.1 - - [23/Apr/2021 22:39:44] "[37mPOST /message/senddm/v1 HTTP/1.1[0m" 200 -
127.0.0.1 - - [23/Apr/2021 22:39:44] "[37mGET /search/v2?token=eyJ0eXAiOiJKV1QiLCJhbGciOiJIUzI1NiJ9.eyJnaWQiOjI1MiwibG9naW5fdGltZSI6MTYxOTE4MTU4NCwic2FsdCI6IjBiNjVhNDgwLTNkODQtNDY3Zi05MWIzLWNkOThlMzI5ZmMxMSJ9.PfqHxtHkxkElDC1RDc1e3_eOXoCsmjf5QHEqUQJdHsY&query_str=haha HTTP/1.1[0m" 200 -
127.0.0.1 - - [23/Apr/2021 22:39:44] "[37mDELETE /clear/v1 HTTP/1.1[0m" 200 -
127.0.0.1 - - [23/Apr/2021 22:39:44] "[37mPOST /auth/register/v2 HTTP/1.1[0m" 200 -
127.0.0.1 - - [23/Apr/2021 22:39:44] "[37mPOST /auth/register/v2 HTTP/1.1[0m" 200 -
127.0.0.1 - - [23/Apr/2021 22:39:44] "[37mPOST /dm/create/v1 HTTP/1.1[0m" 200 -
127.0.0.1 - - [23/Apr/2021 22:39:44] "[37mPOST /message/senddm/v1 HTTP/1.1[0m" 200 -
127.0.0.1 - - [23/Apr/2021 22:39:44] "[37mGET /notifications/get/v1?token=eyJ0eXAiOiJKV1QiLCJhbGciOiJIUzI1NiJ9.eyJnaWQiOjI1OSwibG9naW5fdGltZSI6MTYxOTE4MTU4NCwic2FsdCI6IjA2ZTEyOWY2LWZmYzgtNGM5Zi04NDBlLTM3ZGYxNTkzNmU1NiJ9.etAKgi-eM9mlA35FRG_6JrxnlQR3nvIreVgKd0NKPTo HTTP/1.1[0m" 200 -
127.0.0.1 - - [23/Apr/2021 22:39:44] "[37mDELETE /clear/v1 HTTP/1.1[0m" 200 -
127.0.0.1 - - [23/Apr/2021 22:39:44] "[37mPOST /auth/register/v2 HTTP/1.1[0m" 200 -
127.0.0.1 - - [23/Apr/2021 22:39:44] "[31m[1mGET /user/profile/v2?token=eyJ0eXAiOiJKV1QiLCJhbGciOiJIUzI1NiJ9.eyJnaWQiOjI2MiwibG9naW5fdGltZSI6MTYxOTE4MTU4NCwic2FsdCI6Ijg2NGNhZjQ2LTdiYmUtNDYwNS04M2ZmLWQ4YjJkMjc1NDQwYiJ9.g-xBfLn455s-qrREjulAbROBNDiFbVnLEvS5N2bTqC4&u_id=1 HTTP/1.1[0m" 400 -
127.0.0.1 - - [23/Apr/2021 22:39:44] "[37mDELETE /clear/v1 HTTP/1.1[0m" 200 -
127.0.0.1 - - [23/Apr/2021 22:39:44] "[31m[1mGET /user/profile/v2?token=invalid_token&u_id=0 HTTP/1.1[0m" 403 -
127.0.0.1 - - [23/Apr/2021 22:39:44] "[37mDELETE /clear/v1 HTTP/1.1[0m" 200 -
127.0.0.1 - - [23/Apr/2021 22:39:44] "[37mPOST /auth/register/v2 HTTP/1.1[0m" 200 -
127.0.0.1 - - [23/Apr/2021 22:39:44] "[31m[1mPUT /user/profile/setname/v2 HTTP/1.1[0m" 400 -
127.0.0.1 - - [23/Apr/2021 22:39:44] "[37mDELETE /clear/v1 HTTP/1.1[0m" 200 -
127.0.0.1 - - [23/Apr/2021 22:39:44] "[37mPOST /auth/register/v2 HTTP/1.1[0m" 200 -
127.0.0.1 - - [23/Apr/2021 22:39:44] "[31m[1mPUT /user/profile/setname/v2 HTTP/1.1[0m" 400 -
127.0.0.1 - - [23/Apr/2021 22:39:44] "[37mDELETE /clear/v1 HTTP/1.1[0m" 200 -
127.0.0.1 - - [23/Apr/2021 22:39:44] "[37mPOST /auth/register/v2 HTTP/1.1[0m" 200 -
127.0.0.1 - - [23/Apr/2021 22:39:44] "[31m[1mPUT /user/profile/setemail/v2 HTTP/1.1[0m" 400 -
127.0.0.1 - - [23/Apr/2021 22:39:44] "[37mDELETE /clear/v1 HTTP/1.1[0m" 200 -
127.0.0.1 - - [23/Apr/2021 22:39:44] "[37mPOST /auth/register/v2 HTTP/1.1[0m" 200 -
127.0.0.1 - - [23/Apr/2021 22:39:44] "[37mPOST /auth/register/v2 HTTP/1.1[0m" 200 -
127.0.0.1 - - [23/Apr/2021 22:39:44] "[31m[1mPUT /user/profile/setemail/v2 HTTP/1.1[0m" 400 -
127.0.0.1 - - [23/Apr/2021 22:39:44] "[37mDELETE /clear/v1 HTTP/1.1[0m" 200 -
127.0.0.1 - - [23/Apr/2021 22:39:44] "[37mPOST /auth/register/v2 HTTP/1.1[0m" 200 -
127.0.0.1 - - [23/Apr/2021 22:39:44] "[31m[1mPUT /user/profile/sethandle/v1 HTTP/1.1[0m" 400 -
127.0.0.1 - - [23/Apr/2021 22:39:44] "[37mDELETE /clear/v1 HTTP/1.1[0m" 200 -
127.0.0.1 - - [23/Apr/2021 22:39:44] "[37mPOST /auth/register/v2 HTTP/1.1[0m" 200 -
127.0.0.1 - - [23/Apr/2021 22:39:44] "[37mGET /users/all/v1?token=eyJ0eXAiOiJKV1QiLCJhbGciOiJIUzI1NiJ9.eyJnaWQiOjI2OSwibG9naW5fdGltZSI6MTYxOTE4MTU4NCwic2FsdCI6ImI1Y2Y0MzVjLTc2NGUtNDI3My05ZDczLTAxMDdmOTZjYzEzMCJ9.fVVZqzSqXFX-z9iridBQrbPqs9UsY3hkKy6CBCg7J78 HTTP/1.1[0m" 200 -
127.0.0.1 - - [23/Apr/2021 22:39:44] "[37mPOST /auth/register/v2 HTTP/1.1[0m" 200 -
127.0.0.1 - - [23/Apr/2021 22:39:44] "[31m[1mPUT /user/profile/sethandle/v1 HTTP/1.1[0m" 400 -
127.0.0.1 - - [23/Apr/2021 22:39:44] "[37mDELETE /clear/v1 HTTP/1.1[0m" 200 -
127.0.0.1 - - [23/Apr/2021 22:39:44] "[37mPOST /auth/register/v2 HTTP/1.1[0m" 200 -
127.0.0.1 - - [23/Apr/2021 22:39:44] "[31m[1mDELETE /admin/user/remove/v1 HTTP/1.1[0m" 400 -
127.0.0.1 - - [23/Apr/2021 22:39:44] "[37mDELETE /clear/v1 HTTP/1.1[0m" 200 -
127.0.0.1 - - [23/Apr/2021 22:39:44] "[37mPOST /auth/register/v2 HTTP/1.1[0m" 200 -
127.0.0.1 - - [23/Apr/2021 22:39:44] "[37mPOST /auth/register/v2 HTTP/1.1[0m" 200 -
127.0.0.1 - - [23/Apr/2021 22:39:44] "[31m[1mDELETE /admin/user/remove/v1 HTTP/1.1[0m" 400 -
127.0.0.1 - - [23/Apr/2021 22:39:44] "[37mDELETE /clear/v1 HTTP/1.1[0m" 200 -
127.0.0.1 - - [23/Apr/2021 22:39:44] "[37mPOST /auth/register/v2 HTTP/1.1[0m" 200 -
127.0.0.1 - - [23/Apr/2021 22:39:44] "[37mPOST /auth/register/v2 HTTP/1.1[0m" 200 -
127.0.0.1 - - [23/Apr/2021 22:39:44] "[37mPOST /auth/register/v2 HTTP/1.1[0m" 200 -
127.0.0.1 - - [23/Apr/2021 22:39:44] "[31m[1mDELETE /admin/user/remove/v1 HTTP/1.1[0m" 403 -
127.0.0.1 - - [23/Apr/2021 22:39:44] "[37mDELETE /clear/v1 HTTP/1.1[0m" 200 -
127.0.0.1 - - [23/Apr/2021 22:39:44] "[37mPOST /auth/register/v2 HTTP/1.1[0m" 200 -
127.0.0.1 - - [23/Apr/2021 22:39:44] "[37mPOST /auth/register/v2 HTTP/1.1[0m" 200 -
127.0.0.1 - - [23/Apr/2021 22:39:44] "[31m[1mPOST /admin/userpermission/change/v1 HTTP/1.1[0m" 400 -
127.0.0.1 - - [23/Apr/2021 22:39:44] "[37mDELETE /clear/v1 HTTP/1.1[0m" 200 -
127.0.0.1 - - [23/Apr/2021 22:39:44] "[37mPOST /auth/register/v2 HTTP/1.1[0m" 200 -
127.0.0.1 - - [23/Apr/2021 22:39:44] "[37mPOST /auth/register/v2 HTTP/1.1[0m" 200 -
127.0.0.1 - - [23/Apr/2021 22:39:44] "[31m[1mPOST /admin/userpermission/change/v1 HTTP/1.1[0m" 400 -
127.0.0.1 - - [23/Apr/2021 22:39:44] "[37mDELETE /clear/v1 HTTP/1.1[0m" 200 -
127.0.0.1 - - [23/Apr/2021 22:39:44] "[37mPOST /auth/register/v2 HTTP/1.1[0m" 200 -
127.0.0.1 - - [23/Apr/2021 22:39:44] "[37mPOST /auth/register/v2 HTTP/1.1[0m" 200 -
127.0.0.1 - - [23/Apr/2021 22:39:44] "[37mPOST /auth/register/v2 HTTP/1.1[0m" 200 -
127.0.0.1 - - [23/Apr/2021 22:39:45] "[31m[1mPOST /admin/userpermission/change/v1 HTTP/1.1[0m" 403 -
127.0.0.1 - - [23/Apr/2021 22:39:45] "[37mDELETE /clear/v1 HTTP/1.1[0m" 200 -
127.0.0.1 - - [23/Apr/2021 22:39:45] "[37mPOST /auth/register/v2 HTTP/1.1[0m" 200 -
127.0.0.1 - - [23/Apr/2021 22:39:45] "[37mPUT /user/profile/setname/v2 HTTP/1.1[0m" 200 -
127.0.0.1 - - [23/Apr/2021 22:39:45] "[37mGET /user/profile/v2?token=eyJ0eXAiOiJKV1QiLCJhbGciOiJIUzI1NiJ9.eyJnaWQiOjI4NCwibG9naW5fdGltZSI6MTYxOTE4MTU4NSwic2FsdCI6ImVlZWVkY2Q4LWJjYTktNGM1ZS1iM2ZlLTQyNGQ1MDI1ZjNkNyJ9.V9CEEDBBgtT0TnF2R7GMOQptn1nquHLHCUchaO75jAg&u_id=284 HTTP/1.1[0m" 200 -
127.0.0.1 - - [23/Apr/2021 22:39:45] "[37mDELETE /clear/v1 HTTP/1.1[0m" 200 -
127.0.0.1 - - [23/Apr/2021 22:39:45] "[37mPOST /auth/register/v2 HTTP/1.1[0m" 200 -
127.0.0.1 - - [23/Apr/2021 22:39:45] "[37mPUT /user/profile/setemail/v2 HTTP/1.1[0m" 200 -
127.0.0.1 - - [23/Apr/2021 22:39:45] "[37mGET /user/profile/v2?token=eyJ0eXAiOiJKV1QiLCJhbGciOiJIUzI1NiJ9.eyJnaWQiOjI4NSwibG9naW5fdGltZSI6MTYxOTE4MTU4NSwic2FsdCI6IjBkYzZkZDgyLThhNTktNDJjNC1iNDkzLTg4ZDA1Yzk3ZjI1NyJ9.UW_Uj6a0ILuIvIY9aMW14vZ8lvD5qHOXD6JyAK97b8I&u_id=285 HTTP/1.1[0m" 200 -
127.0.0.1 - - [23/Apr/2021 22:39:45] "[37mDELETE /clear/v1 HTTP/1.1[0m" 200 -
127.0.0.1 - - [23/Apr/2021 22:39:45] "[37mPOST /auth/register/v2 HTTP/1.1[0m" 200 -
127.0.0.1 - - [23/Apr/2021 22:39:45] "[37mPUT /user/profile/sethandle/v1 HTTP/1.1[0m" 200 -
127.0.0.1 - - [23/Apr/2021 22:39:45] "[37mGET /user/profile/v2?token=eyJ0eXAiOiJKV1QiLCJhbGciOiJIUzI1NiJ9.eyJnaWQiOjI4NiwibG9naW5fdGltZSI6MTYxOTE4MTU4NSwic2FsdCI6Ijg2NzcxOTA2LWQzOGUtNGZhYS1hMTg5LTBiZTQ2YjhjYzY1NiJ9.5nj5cDJ4DwbT8BVHonZHAV6Ss3l-Xk_tdTxG44AFR_4&u_id=286 HTTP/1.1[0m" 200 -
127.0.0.1 - - [23/Apr/2021 22:39:45] "[37mDELETE /clear/v1 HTTP/1.1[0m" 200 -
127.0.0.1 - - [23/Apr/2021 22:39:45] "[37mPOST /auth/register/v2 HTTP/1.1[0m" 200 -
127.0.0.1 - - [23/Apr/2021 22:39:45] "[37mPOST /auth/register/v2 HTTP/1.1[0m" 200 -
127.0.0.1 - - [23/Apr/2021 22:39:45] "[37mPOST /auth/register/v2 HTTP/1.1[0m" 200 -
127.0.0.1 - - [23/Apr/2021 22:39:45] "[37mPOST /auth/register/v2 HTTP/1.1[0m" 200 -
127.0.0.1 - - [23/Apr/2021 22:39:45] "[37mPOST /auth/register/v2 HTTP/1.1[0m" 200 -
127.0.0.1 - - [23/Apr/2021 22:39:45] "[37mPOST /auth/register/v2 HTTP/1.1[0m" 200 -
127.0.0.1 - - [23/Apr/2021 22:39:45] "[37mPOST /auth/register/v2 HTTP/1.1[0m" 200 -
127.0.0.1 - - [23/Apr/2021 22:39:45] "[37mPOST /auth/register/v2 HTTP/1.1[0m" 200 -
127.0.0.1 - - [23/Apr/2021 22:39:45] "[37mPOST /auth/register/v2 HTTP/1.1[0m" 200 -
127.0.0.1 - - [23/Apr/2021 22:39:45] "[37mPOST /auth/register/v2 HTTP/1.1[0m" 200 -
127.0.0.1 - - [23/Apr/2021 22:39:45] "[37mPOST /auth/register/v2 HTTP/1.1[0m" 200 -
127.0.0.1 - - [23/Apr/2021 22:39:45] "[37mGET /users/all/v1?token=eyJ0eXAiOiJKV1QiLCJhbGciOiJIUzI1NiJ9.eyJnaWQiOjI4NywibG9naW5fdGltZSI6MTYxOTE4MTU4NSwic2FsdCI6ImIyMmExNWEyLTcxYTMtNDQ5NC1iMjUzLWIxOGE1NDk3ODVmNSJ9.x8NrVJo8hIcdu9SWBBfO4IQ-79fT08QnEHZPCdLZ3tg HTTP/1.1[0m" 200 -
127.0.0.1 - - [23/Apr/2021 22:39:45] "[31m[1mDELETE /admin/user/remove/v1 HTTP/1.1[0m" 400 -
127.0.0.1 - - [23/Apr/2021 22:39:45] "[37mDELETE /clear/v1 HTTP/1.1[0m" 200 -
127.0.0.1 - - [23/Apr/2021 22:39:45] "[37mPOST /auth/register/v2 HTTP/1.1[0m" 200 -
127.0.0.1 - - [23/Apr/2021 22:39:45] "[37mPOST /auth/register/v2 HTTP/1.1[0m" 200 -
127.0.0.1 - - [23/Apr/2021 22:39:45] "[37mPOST /auth/register/v2 HTTP/1.1[0m" 200 -
127.0.0.1 - - [23/Apr/2021 22:39:45] "[37mPOST /admin/userpermission/change/v1 HTTP/1.1[0m" 200 -
127.0.0.1 - - [23/Apr/2021 22:39:45] "[37mPOST /admin/userpermission/change/v1 HTTP/1.1[0m" 200 -
